Using pre-set license
Built from '2022.3/staging' branch; Version is '2022.3.44f1 (c3ae09b9f03c) revision 12824073'; Using compiler version '192829333'; Build Type 'Release'
OS: 'Windows 11  (10.0.22631) 64bit Core' Language: 'ko' Physical Memory: 32491 MB
BatchMode: 1, IsHumanControllingUs: 0, StartBugReporterOnCrash: 0, Is64bit: 1, IsPro: 1

COMMAND LINE ARGUMENTS:
C:\Program Files\Unity\Hub\Editor\2022.3.44f1\Editor\Unity.exe
-adb2
-batchMode
-noUpm
-name
AssetImportWorker4
-projectPath
C:/Users/9uquq/Desktop/Immersive Media (AAT4011-01)/IM_teamVRProject
-logFile
Logs/AssetImportWorker4.log
-srvPort
64246
Successfully changed project path to: C:/Users/9uquq/Desktop/Immersive Media (AAT4011-01)/IM_teamVRProject
C:/Users/9uquq/Desktop/Immersive Media (AAT4011-01)/IM_teamVRProject
[UnityMemory] Configuration Parameters - Can be set up in boot.config
    "memorysetup-bucket-allocator-granularity=16"
    "memorysetup-bucket-allocator-bucket-count=8"
    "memorysetup-bucket-allocator-block-size=33554432"
    "memorysetup-bucket-allocator-block-count=8"
    "memorysetup-main-allocator-block-size=16777216"
    "memorysetup-thread-allocator-block-size=16777216"
    "memorysetup-gfx-main-allocator-block-size=16777216"
    "memorysetup-gfx-thread-allocator-block-size=16777216"
    "memorysetup-cache-allocator-block-size=4194304"
    "memorysetup-typetree-allocator-block-size=2097152"
    "memorysetup-profiler-bucket-allocator-granularity=16"
    "memorysetup-profiler-bucket-allocator-bucket-count=8"
    "memorysetup-profiler-bucket-allocator-block-size=33554432"
    "memorysetup-profiler-bucket-allocator-block-count=8"
    "memorysetup-profiler-allocator-block-size=16777216"
    "memorysetup-profiler-editor-allocator-block-size=1048576"
    "memorysetup-temp-allocator-size-main=16777216"
    "memorysetup-job-temp-allocator-block-size=2097152"
    "memorysetup-job-temp-allocator-block-size-background=1048576"
    "memorysetup-job-temp-allocator-reduction-small-platforms=262144"
    "memorysetup-allocator-temp-initial-block-size-main=262144"
    "memorysetup-allocator-temp-initial-block-size-worker=262144"
    "memorysetup-temp-allocator-size-background-worker=32768"
    "memorysetup-temp-allocator-size-job-worker=262144"
    "memorysetup-temp-allocator-size-preload-manager=33554432"
    "memorysetup-temp-allocator-size-nav-mesh-worker=65536"
    "memorysetup-temp-allocator-size-audio-worker=65536"
    "memorysetup-temp-allocator-size-cloud-worker=32768"
    "memorysetup-temp-allocator-size-gi-baking-worker=262144"
    "memorysetup-temp-allocator-size-gfx=262144"
Player connection [30848]  Target information:

Player connection [30848]  * "[IP] 192.168.0.2 [Port] 0 [Flags] 2 [Guid] 1282204142 [EditorId] 1282204142 [Version] 1048832 [Id] WindowsEditor(7,Kimtaehyun) [Debug] 1 [PackageName] WindowsEditor [ProjectName] Editor" 

Player connection [30848] Host joined multi-casting on [225.0.0.222:54997]...
Player connection [30848] Host joined alternative multi-casting on [225.0.0.222:34997]...
[PhysX] Initialized MultithreadedTaskDispatcher with 20 workers.
Refreshing native plugins compatible for Editor in 19.18 ms, found 9 plugins.
Preloading 0 native plugins for Editor in 0.00 ms.
Initialize engine version: 2022.3.44f1 (c3ae09b9f03c)
[Subsystems] Discovering subsystems at path C:/Program Files/Unity/Hub/Editor/2022.3.44f1/Editor/Data/Resources/UnitySubsystems
[Subsystems] Discovering subsystems at path C:/Users/9uquq/Desktop/Immersive Media (AAT4011-01)/IM_teamVRProject/Assets
GfxDevice: creating device client; threaded=0; jobified=0
Direct3D:
    Version:  Direct3D 11.0 [level 11.1]
    Renderer: NVIDIA GeForce RTX 4060 Laptop GPU (ID=0x28e0)
    Vendor:   NVIDIA
    VRAM:     7971 MB
    Driver:   31.0.15.3732
Initialize mono
Mono path[0] = 'C:/Program Files/Unity/Hub/Editor/2022.3.44f1/Editor/Data/Managed'
Mono path[1] = 'C:/Program Files/Unity/Hub/Editor/2022.3.44f1/Editor/Data/MonoBleedingEdge/lib/mono/unityjit-win32'
Mono config path = 'C:/Program Files/Unity/Hub/Editor/2022.3.44f1/Editor/Data/MonoBleedingEdge/etc'
Using monoOptions --debugger-agent=transport=dt_socket,embedding=1,server=y,suspend=n,address=127.0.0.1:56352
Begin MonoManager ReloadAssembly
Registering precompiled unity dll's ...
Register platform support module: C:/Program Files/Unity/Hub/Editor/2022.3.44f1/Editor/Data/PlaybackEngines/AndroidPlayer/UnityEditor.Android.Extensions.dll
Register platform support module: C:/Program Files/Unity/Hub/Editor/2022.3.44f1/Editor/Data/PlaybackEngines/iOSSupport/UnityEditor.iOS.Extensions.dll
Register platform support module: C:/Program Files/Unity/Hub/Editor/2022.3.44f1/Editor/Data/PlaybackEngines/WindowsStandaloneSupport/UnityEditor.WindowsStandalone.Extensions.dll
Registered in 0.007668 seconds.
- Loaded All Assemblies, in  0.273 seconds
Native extension for WindowsStandalone target not found
[usbmuxd] Start listen thread
[usbmuxd] Listen thread started
[usbmuxd] Send listen message
Native extension for iOS target not found
Native extension for Android target not found
Android Extension - Scanning For ADB Devices 257 ms
Mono: successfully reloaded assembly
- Finished resetting the current domain, in  0.479 seconds
Domain Reload Profiling: 750ms
	BeginReloadAssembly (86ms)
		ExecutionOrderSort (0ms)
		DisableScriptedObjects (0ms)
		BackupInstance (0ms)
		ReleaseScriptingObjects (0ms)
		CreateAndSetChildDomain (0ms)
	RebuildCommonClasses (25ms)
	RebuildNativeTypeToScriptingClass (7ms)
	initialDomainReloadingComplete (48ms)
	LoadAllAssembliesAndSetupDomain (104ms)
		LoadAssemblies (84ms)
		RebuildTransferFunctionScriptingTraits (0ms)
		AnalyzeDomain (102ms)
			TypeCache.Refresh (101ms)
				TypeCache.ScanAssembly (92ms)
			ScanForSourceGeneratedMonoScriptInfo (0ms)
			ResolveRequiredComponents (0ms)
	FinalizeReload (480ms)
		ReleaseScriptCaches (0ms)
		RebuildScriptCaches (0ms)
		SetupLoadedEditorAssemblies (450ms)
			LogAssemblyErrors (0ms)
			InitializePlatformSupportModulesInManaged (327ms)
			SetLoadedEditorAssemblies (3ms)
			RefreshPlugins (0ms)
			BeforeProcessingInitializeOnLoad (1ms)
			ProcessInitializeOnLoadAttributes (80ms)
			ProcessInitializeOnLoadMethodAttributes (39ms)
			AfterProcessingInitializeOnLoad (0ms)
			EditorAssembliesLoaded (0ms)
		ExecutionOrderSort2 (0ms)
		AwakeInstancesAfterBackupRestoration (0ms)
========================================================================
Worker process is ready to serve import requests
Caller must complete domain reload
Begin MonoManager ReloadAssembly
- Loaded All Assemblies, in  0.500 seconds
Native extension for WindowsStandalone target not found
Native extension for iOS target not found
Native extension for Android target not found
Package Manager log level set to [2]
[Package Manager] Server::EnsureServerProcessIsRunning -- launch failed, reason: Unity was launched with the -noUpm command-line argument
[Package Manager] UpmClient::Send -- Unable to send message (not connected to UPM process).
[Package Manager] Cannot connect to Unity Package Manager local server
[Package Manager] Server::EnsureServerProcessIsRunning -- launch failed, reason: Unity was launched with the -noUpm command-line argument
[Package Manager] UpmClient::Send -- Unable to send message (not connected to UPM process).
[Package Manager] Cannot connect to Unity Package Manager local server
Mono: successfully reloaded assembly
[Package Manager] Server::EnsureServerProcessIsRunning -- launch failed, reason: Unity was launched with the -noUpm command-line argument
[Package Manager] UpmClient::Send -- Unable to send message (not connected to UPM process).
[Package Manager] Cannot connect to Unity Package Manager local server
[Package Manager] Server::EnsureServerProcessIsRunning -- launch failed, reason: Unity was launched with the -noUpm command-line argument
[Package Manager] UpmClient::Send -- Unable to send message (not connected to UPM process).
[Package Manager] Cannot connect to Unity Package Manager local server
- Finished resetting the current domain, in  0.577 seconds
Domain Reload Profiling: 1074ms
	BeginReloadAssembly (107ms)
		ExecutionOrderSort (0ms)
		DisableScriptedObjects (4ms)
		BackupInstance (0ms)
		ReleaseScriptingObjects (0ms)
		CreateAndSetChildDomain (15ms)
	RebuildCommonClasses (23ms)
	RebuildNativeTypeToScriptingClass (7ms)
	initialDomainReloadingComplete (31ms)
	LoadAllAssembliesAndSetupDomain (328ms)
		LoadAssemblies (240ms)
		RebuildTransferFunctionScriptingTraits (0ms)
		AnalyzeDomain (152ms)
			TypeCache.Refresh (130ms)
				TypeCache.ScanAssembly (117ms)
			ScanForSourceGeneratedMonoScriptInfo (16ms)
			ResolveRequiredComponents (5ms)
	FinalizeReload (578ms)
		ReleaseScriptCaches (0ms)
		RebuildScriptCaches (0ms)
		SetupLoadedEditorAssemblies (465ms)
			LogAssemblyErrors (0ms)
			InitializePlatformSupportModulesInManaged (23ms)
			SetLoadedEditorAssemblies (3ms)
			RefreshPlugins (0ms)
			BeforeProcessingInitializeOnLoad (57ms)
			ProcessInitializeOnLoadAttributes (327ms)
			ProcessInitializeOnLoadMethodAttributes (51ms)
			AfterProcessingInitializeOnLoad (4ms)
			EditorAssembliesLoaded (0ms)
		ExecutionOrderSort2 (0ms)
		AwakeInstancesAfterBackupRestoration (10ms)
Launched and connected shader compiler UnityShaderCompiler.exe after 0.04 seconds
Refreshing native plugins compatible for Editor in 19.48 ms, found 9 plugins.
Preloading 0 native plugins for Editor in 0.00 ms.
Unloading 4616 Unused Serialized files (Serialized files now loaded: 0)
Unloading 74 unused Assets / (370.1 KB). Loaded Objects now: 5080.
Memory consumption went from 163.5 MB to 163.1 MB.
Total: 4.548400 ms (FindLiveObjects: 0.251800 ms CreateObjectMapping: 0.131200 ms MarkObjects: 3.927300 ms  DeleteObjects: 0.236400 ms)

AssetImportParameters requested are different than current active one (requested -> active):
  custom:container-demuxer-ogg: 62fdf1f143b41e24485cea50d1cbac27 -> 
  custom:video-codec-MediaFoundation-h265: 746d11721c4dcdbdad8f713fa42b33f4 -> 
  custom:video-decoder-ogg-theora: a1e56fd34408186e4bbccfd4996cb3dc -> 
  custom:framework-win-MediaFoundation: 216162199b28c13a410421893ffa2e32 -> 
  custom:CustomObjectIndexerAttribute: 9a22284fe3817be447336de3de66b15e -> 
  custom:container-demuxer-webm: 4f35f7cbe854078d1ac9338744f61a02 -> 
  custom:container-muxer-webm: aa71ff27fc2769a1b78a27578f13a17b -> 
  custom:video-decoder-webm-vp8: 9c59270c3fd7afecdb556c50c9e8de78 -> 
  custom:SearchIndexIgnoredProperties: e643bd26f0fe6173181afceb89e7c659 -> 
  custom:AudioImporter_EditorPlatform: d09bf68614088b80899f8185d706f6e7 -> 
  custom:video-encoder-webm-vp8: eb34c28f22e8b96e1ab97ce403110664 -> 
  custom:audio-decoder-ogg-vorbis: bf7c407c2cedff20999df2af8eb42d56 -> 
  custom:audio-encoder-webm-vorbis: bf7c407c2cedff20999df2af8eb42d56 -> 
========================================================================
Received Import Request.
  Time since last request: 170608.409206 seconds.
  path: Assets/EmaceArt/Free Meadows/Prefabs/Rocks/EM_Rock01a_PRE.prefab
  artifactKey: Guid(fd871d1fe2ef27846bc670f8e89cbf59) Importer(815301076,1909f56bfc062723c751e8b465ee728b)
Start importing Assets/EmaceArt/Free Meadows/Prefabs/Rocks/EM_Rock01a_PRE.prefab using Guid(fd871d1fe2ef27846bc670f8e89cbf59) Importer(815301076,1909f56bfc062723c751e8b465ee728b) [PhysX] Initialized MultithreadedTaskDispatcher with 20 workers.
[PhysX] Initialized MultithreadedTaskDispatcher with 20 workers.
 -> (artifact id: '49b87d49c2804a07d028fb55251c4d49') in 0.118664 seconds
Number of updated asset objects reloaded before import = 0
Number of asset objects unloaded after import = 23
========================================================================
Received Import Request.
  Time since last request: 0.000025 seconds.
  path: Assets/EmaceArt/Free Meadows/Prefabs/Rocks/EM_Rock37_PRE.prefab
  artifactKey: Guid(a9df22d2126dd8f4488825cbc40a7d8a) Importer(815301076,1909f56bfc062723c751e8b465ee728b)
Start importing Assets/EmaceArt/Free Meadows/Prefabs/Rocks/EM_Rock37_PRE.prefab using Guid(a9df22d2126dd8f4488825cbc40a7d8a) Importer(815301076,1909f56bfc062723c751e8b465ee728b) [PhysX] Initialized MultithreadedTaskDispatcher with 20 workers.
[PhysX] Initialized MultithreadedTaskDispatcher with 20 workers.
 -> (artifact id: '70f9f72e4e68f5d3ff369fff3236a8fb') in 0.007814 seconds
Number of updated asset objects reloaded before import = 0
Number of asset objects unloaded after import = 23
========================================================================
Received Import Request.
  Time since last request: 0.000022 seconds.
  path: Assets/EmaceArt/Free Meadows/Prefabs/Rocks/EM_Rock02c_PRE.prefab
  artifactKey: Guid(e0afa3e7c3f32d94a83974947c2c975d) Importer(815301076,1909f56bfc062723c751e8b465ee728b)
Start importing Assets/EmaceArt/Free Meadows/Prefabs/Rocks/EM_Rock02c_PRE.prefab using Guid(e0afa3e7c3f32d94a83974947c2c975d) Importer(815301076,1909f56bfc062723c751e8b465ee728b) [PhysX] Initialized MultithreadedTaskDispatcher with 20 workers.
[PhysX] Initialized MultithreadedTaskDispatcher with 20 workers.
 -> (artifact id: '98cb1885d035baec287d3bf1404a6bcd') in 0.006691 seconds
Number of updated asset objects reloaded before import = 0
Number of asset objects unloaded after import = 22
========================================================================
Received Import Request.
  Time since last request: 0.000014 seconds.
  path: Assets/EmaceArt/Free Meadows/Prefabs/Rocks/EM_Stone1_PRE.prefab
  artifactKey: Guid(d9f58151106807d458457ae6c77b6e21) Importer(815301076,1909f56bfc062723c751e8b465ee728b)
Start importing Assets/EmaceArt/Free Meadows/Prefabs/Rocks/EM_Stone1_PRE.prefab using Guid(d9f58151106807d458457ae6c77b6e21) Importer(815301076,1909f56bfc062723c751e8b465ee728b) [PhysX] Initialized MultithreadedTaskDispatcher with 20 workers.
[PhysX] Initialized MultithreadedTaskDispatcher with 20 workers.
 -> (artifact id: '304c57f23ac42df62b958fe88ce3cc9b') in 0.006851 seconds
Number of updated asset objects reloaded before import = 0
Number of asset objects unloaded after import = 23
========================================================================
Received Import Request.
  Time since last request: 0.000018 seconds.
  path: Assets/EmaceArt/Free Meadows/Prefabs/Rocks/EM_Rock02a_PRE.prefab
  artifactKey: Guid(247a46b461ccc9842b98ac536dd67600) Importer(815301076,1909f56bfc062723c751e8b465ee728b)
Start importing Assets/EmaceArt/Free Meadows/Prefabs/Rocks/EM_Rock02a_PRE.prefab using Guid(247a46b461ccc9842b98ac536dd67600) Importer(815301076,1909f56bfc062723c751e8b465ee728b) [PhysX] Initialized MultithreadedTaskDispatcher with 20 workers.
[PhysX] Initialized MultithreadedTaskDispatcher with 20 workers.
 -> (artifact id: 'bfaf14bdbb84a979efb80ec5f1d4c287') in 0.007225 seconds
Number of updated asset objects reloaded before import = 0
Number of asset objects unloaded after import = 23
========================================================================
Received Import Request.
  Time since last request: 0.000012 seconds.
  path: Assets/EmaceArt/Free Meadows/Prefabs/Rocks/EM_Stone9_PRE.prefab
  artifactKey: Guid(8436d7ae09cab4044be3b54f62027f31) Importer(815301076,1909f56bfc062723c751e8b465ee728b)
Start importing Assets/EmaceArt/Free Meadows/Prefabs/Rocks/EM_Stone9_PRE.prefab using Guid(8436d7ae09cab4044be3b54f62027f31) Importer(815301076,1909f56bfc062723c751e8b465ee728b) [PhysX] Initialized MultithreadedTaskDispatcher with 20 workers.
[PhysX] Initialized MultithreadedTaskDispatcher with 20 workers.
 -> (artifact id: 'e86f80cf5d0e57fdfe3da9c113d72ed2') in 0.006464 seconds
Number of updated asset objects reloaded before import = 0
Number of asset objects unloaded after import = 23
========================================================================
Received Import Request.
  Time since last request: 16.886168 seconds.
  path: Assets/Samples
  artifactKey: Guid(30b57322745b2c34db0cc3a29d4eafe6) Importer(815301076,1909f56bfc062723c751e8b465ee728b)
Start importing Assets/Samples using Guid(30b57322745b2c34db0cc3a29d4eafe6) Importer(815301076,1909f56bfc062723c751e8b465ee728b) [PhysX] Initialized MultithreadedTaskDispatcher with 20 workers.
 -> (artifact id: 'f144e02f8f9ce56d6904633d3bfe0408') in 0.000723 seconds
Number of updated asset objects reloaded before import = 0
Number of asset objects unloaded after import = 0
========================================================================
Received Import Request.
  Time since last request: 1.014366 seconds.
  path: Assets/Tree10
  artifactKey: Guid(3d7686cf4aecc4e4c978310116d2509f) Importer(815301076,1909f56bfc062723c751e8b465ee728b)
Start importing Assets/Tree10 using Guid(3d7686cf4aecc4e4c978310116d2509f) Importer(815301076,1909f56bfc062723c751e8b465ee728b) [PhysX] Initialized MultithreadedTaskDispatcher with 20 workers.
 -> (artifact id: '6d4dacef00c7a69dede09c2b0549a747') in 0.000396 seconds
Number of updated asset objects reloaded before import = 0
Number of asset objects unloaded after import = 0
========================================================================
Received Import Request.
  Time since last request: 0.356287 seconds.
  path: Assets/Tree10/bark11.png
  artifactKey: Guid(000be46c6d5b3b64c9498981844fd7da) Importer(815301076,1909f56bfc062723c751e8b465ee728b)
Start importing Assets/Tree10/bark11.png using Guid(000be46c6d5b3b64c9498981844fd7da) Importer(815301076,1909f56bfc062723c751e8b465ee728b) [PhysX] Initialized MultithreadedTaskDispatcher with 20 workers.
[PhysX] Initialized MultithreadedTaskDispatcher with 20 workers.
 -> (artifact id: '1238aa868343ddf9ba36c763804b78e8') in 0.023755 seconds
Number of updated asset objects reloaded before import = 0
Number of asset objects unloaded after import = 2
========================================================================
Received Import Request.
  Time since last request: 0.000014 seconds.
  path: Assets/Tree10/Tree10_Bark.mat
  artifactKey: Guid(7c1bd2bec271270439c6e9a0e14da3aa) Importer(815301076,1909f56bfc062723c751e8b465ee728b)
Start importing Assets/Tree10/Tree10_Bark.mat using Guid(7c1bd2bec271270439c6e9a0e14da3aa) Importer(815301076,1909f56bfc062723c751e8b465ee728b) [PhysX] Initialized MultithreadedTaskDispatcher with 20 workers.
[PhysX] Initialized MultithreadedTaskDispatcher with 20 workers.
 -> (artifact id: '31e7dfd3bb188339814e2581048479f3') in 0.210218 seconds
Number of updated asset objects reloaded before import = 0
Number of asset objects unloaded after import = 3
========================================================================
Received Import Request.
  Time since last request: 0.000020 seconds.
  path: Assets/Tree10/Tree10_3.prefab
  artifactKey: Guid(f80b9a82cf103fc46a271d8c08ba22c0) Importer(815301076,1909f56bfc062723c751e8b465ee728b)
Start importing Assets/Tree10/Tree10_3.prefab using Guid(f80b9a82cf103fc46a271d8c08ba22c0) Importer(815301076,1909f56bfc062723c751e8b465ee728b) [PhysX] Initialized MultithreadedTaskDispatcher with 20 workers.
[PhysX] Initialized MultithreadedTaskDispatcher with 20 workers.
[PhysX] Initialized MultithreadedTaskDispatcher with 20 workers.
[PhysX] Initialized MultithreadedTaskDispatcher with 20 workers.
[PhysX] Initialized MultithreadedTaskDispatcher with 20 workers.
 -> (artifact id: 'c45cc6671a13ff42e9b7ab565517355a') in 0.314689 seconds
Number of updated asset objects reloaded before import = 0
Number of asset objects unloaded after import = 21
========================================================================
Received Import Request.
  Time since last request: 20.437607 seconds.
  path: Assets/Tree10/Tree10_1.prefab
  artifactKey: Guid(673a5daab7ec28d4c9e7c80ea6a793c1) Importer(815301076,1909f56bfc062723c751e8b465ee728b)
Start importing Assets/Tree10/Tree10_1.prefab using Guid(673a5daab7ec28d4c9e7c80ea6a793c1) Importer(815301076,1909f56bfc062723c751e8b465ee728b) [PhysX] Initialized MultithreadedTaskDispatcher with 20 workers.
[PhysX] Initialized MultithreadedTaskDispatcher with 20 workers.
[PhysX] Initialized MultithreadedTaskDispatcher with 20 workers.
[PhysX] Initialized MultithreadedTaskDispatcher with 20 workers.
[PhysX] Initialized MultithreadedTaskDispatcher with 20 workers.
 -> (artifact id: 'c264b6c6f7814c93a9f2d04384a7ab75') in 0.030250 seconds
Number of updated asset objects reloaded before import = 0
Number of asset objects unloaded after import = 21
========================================================================
Received Import Request.
  Time since last request: 8.344722 seconds.
  path: Assets/Tree10/Tree10_1.prefab
  artifactKey: Guid(673a5daab7ec28d4c9e7c80ea6a793c1) Importer(815301076,1909f56bfc062723c751e8b465ee728b)
Start importing Assets/Tree10/Tree10_1.prefab using Guid(673a5daab7ec28d4c9e7c80ea6a793c1) Importer(815301076,1909f56bfc062723c751e8b465ee728b) [PhysX] Initialized MultithreadedTaskDispatcher with 20 workers.
[PhysX] Initialized MultithreadedTaskDispatcher with 20 workers.
[PhysX] Initialized MultithreadedTaskDispatcher with 20 workers.
[PhysX] Initialized MultithreadedTaskDispatcher with 20 workers.
[PhysX] Initialized MultithreadedTaskDispatcher with 20 workers.
 -> (artifact id: 'a50d4bb8ce19e7bc25619cf4393e56b5') in 0.042854 seconds
Number of updated asset objects reloaded before import = 0
Number of asset objects unloaded after import = 21
========================================================================
Received Import Request.
  Time since last request: 8.713215 seconds.
  path: Assets/Tree10/Tree10_1.prefab
  artifactKey: Guid(673a5daab7ec28d4c9e7c80ea6a793c1) Importer(815301076,1909f56bfc062723c751e8b465ee728b)
Start importing Assets/Tree10/Tree10_1.prefab using Guid(673a5daab7ec28d4c9e7c80ea6a793c1) Importer(815301076,1909f56bfc062723c751e8b465ee728b) [PhysX] Initialized MultithreadedTaskDispatcher with 20 workers.
[PhysX] Initialized MultithreadedTaskDispatcher with 20 workers.
[PhysX] Initialized MultithreadedTaskDispatcher with 20 workers.
[PhysX] Initialized MultithreadedTaskDispatcher with 20 workers.
[PhysX] Initialized MultithreadedTaskDispatcher with 20 workers.
 -> (artifact id: 'ef0a594ed2c06d772ffe7c8d494c58ed') in 0.028696 seconds
Number of updated asset objects reloaded before import = 0
Number of asset objects unloaded after import = 21
========================================================================
Received Import Request.
  Time since last request: 28.069827 seconds.
  path: Assets/Tree10/Tree10_1.prefab
  artifactKey: Guid(673a5daab7ec28d4c9e7c80ea6a793c1) Importer(815301076,1909f56bfc062723c751e8b465ee728b)
Start importing Assets/Tree10/Tree10_1.prefab using Guid(673a5daab7ec28d4c9e7c80ea6a793c1) Importer(815301076,1909f56bfc062723c751e8b465ee728b) [PhysX] Initialized MultithreadedTaskDispatcher with 20 workers.
[PhysX] Initialized MultithreadedTaskDispatcher with 20 workers.
[PhysX] Initialized MultithreadedTaskDispatcher with 20 workers.
[PhysX] Initialized MultithreadedTaskDispatcher with 20 workers.
[PhysX] Initialized MultithreadedTaskDispatcher with 20 workers.
 -> (artifact id: 'f9877397ef7b45dc8e5d6aa980304663') in 0.027818 seconds
Number of updated asset objects reloaded before import = 0
Number of asset objects unloaded after import = 21
========================================================================
Received Import Request.
  Time since last request: 1.839112 seconds.
  path: Assets/Tree10/Tree10_1.prefab
  artifactKey: Guid(673a5daab7ec28d4c9e7c80ea6a793c1) Importer(815301076,1909f56bfc062723c751e8b465ee728b)
Start importing Assets/Tree10/Tree10_1.prefab using Guid(673a5daab7ec28d4c9e7c80ea6a793c1) Importer(815301076,1909f56bfc062723c751e8b465ee728b) [PhysX] Initialized MultithreadedTaskDispatcher with 20 workers.
[PhysX] Initialized MultithreadedTaskDispatcher with 20 workers.
[PhysX] Initialized MultithreadedTaskDispatcher with 20 workers.
[PhysX] Initialized MultithreadedTaskDispatcher with 20 workers.
[PhysX] Initialized MultithreadedTaskDispatcher with 20 workers.
 -> (artifact id: 'aa04960a10da1e31caa769a1699c0b0e') in 0.030435 seconds
Number of updated asset objects reloaded before import = 0
Number of asset objects unloaded after import = 21
========================================================================
Received Import Request.
  Time since last request: 2.360139 seconds.
  path: Assets/Tree10/Tree10_1_Textures
  artifactKey: Guid(5705fba92d95a3542b3320b6af849464) Importer(815301076,1909f56bfc062723c751e8b465ee728b)
Start importing Assets/Tree10/Tree10_1_Textures using Guid(5705fba92d95a3542b3320b6af849464) Importer(815301076,1909f56bfc062723c751e8b465ee728b) [PhysX] Initialized MultithreadedTaskDispatcher with 20 workers.
 -> (artifact id: '9905b3b39ddd076f27c54b7150e5b7a1') in 0.000526 seconds
Number of updated asset objects reloaded before import = 0
Number of asset objects unloaded after import = 0
========================================================================
Received Import Request.
  Time since last request: 0.044708 seconds.
  path: Assets/Tree10/Tree10_1_Textures/diffuse.png
  artifactKey: Guid(ceb55928bbef1f34e8e1be1524363828) Importer(815301076,1909f56bfc062723c751e8b465ee728b)
Start importing Assets/Tree10/Tree10_1_Textures/diffuse.png using Guid(ceb55928bbef1f34e8e1be1524363828) Importer(815301076,1909f56bfc062723c751e8b465ee728b) [PhysX] Initialized MultithreadedTaskDispatcher with 20 workers.
[PhysX] Initialized MultithreadedTaskDispatcher with 20 workers.
 -> (artifact id: '8049d07816edaef4f40128ac2a98e9f6') in 0.015452 seconds
Number of updated asset objects reloaded before import = 0
Number of asset objects unloaded after import = 2
========================================================================
Received Import Request.
  Time since last request: 0.003198 seconds.
  path: Assets/Tree10/Tree10_1_Textures/translucency_gloss.png
  artifactKey: Guid(2ef33f41bd5374c4ba74b3b8c0981d7b) Importer(815301076,1909f56bfc062723c751e8b465ee728b)
Start importing Assets/Tree10/Tree10_1_Textures/translucency_gloss.png using Guid(2ef33f41bd5374c4ba74b3b8c0981d7b) Importer(815301076,1909f56bfc062723c751e8b465ee728b) [PhysX] Initialized MultithreadedTaskDispatcher with 20 workers.
[PhysX] Initialized MultithreadedTaskDispatcher with 20 workers.
 -> (artifact id: '25e4934f750ee44cada3778b9956035f') in 0.017307 seconds
Number of updated asset objects reloaded before import = 0
Number of asset objects unloaded after import = 2
========================================================================
Received Import Request.
  Time since last request: 3.864858 seconds.
  path: Assets/Tree10/Tree10_2_Textures
  artifactKey: Guid(7b39bc91a10ebce4f96481f3a37a4bf1) Importer(815301076,1909f56bfc062723c751e8b465ee728b)
Start importing Assets/Tree10/Tree10_2_Textures using Guid(7b39bc91a10ebce4f96481f3a37a4bf1) Importer(815301076,1909f56bfc062723c751e8b465ee728b) [PhysX] Initialized MultithreadedTaskDispatcher with 20 workers.
 -> (artifact id: '247ce3e110c21161a4c6bb8de4f95d75') in 0.000442 seconds
Number of updated asset objects reloaded before import = 0
Number of asset objects unloaded after import = 0
========================================================================
Received Import Request.
  Time since last request: 0.058796 seconds.
  path: Assets/Tree10/Tree10_2_Textures/diffuse.png
  artifactKey: Guid(04345729c1d67dc4d84158db4dcc40f7) Importer(815301076,1909f56bfc062723c751e8b465ee728b)
Start importing Assets/Tree10/Tree10_2_Textures/diffuse.png using Guid(04345729c1d67dc4d84158db4dcc40f7) Importer(815301076,1909f56bfc062723c751e8b465ee728b) [PhysX] Initialized MultithreadedTaskDispatcher with 20 workers.
[PhysX] Initialized MultithreadedTaskDispatcher with 20 workers.
 -> (artifact id: 'd4f731c37c42f0a13726fb05667310de') in 0.017793 seconds
Number of updated asset objects reloaded before import = 0
Number of asset objects unloaded after import = 2
========================================================================
Received Import Request.
  Time since last request: 0.000014 seconds.
  path: Assets/Tree10/Tree10_2_Textures/translucency_gloss.png
  artifactKey: Guid(e5a45717c26da684eb9882d8ac810979) Importer(815301076,1909f56bfc062723c751e8b465ee728b)
Start importing Assets/Tree10/Tree10_2_Textures/translucency_gloss.png using Guid(e5a45717c26da684eb9882d8ac810979) Importer(815301076,1909f56bfc062723c751e8b465ee728b) [PhysX] Initialized MultithreadedTaskDispatcher with 20 workers.
[PhysX] Initialized MultithreadedTaskDispatcher with 20 workers.
 -> (artifact id: '7dbdea31fe24be7e86157bf9973d4742') in 0.022219 seconds
Number of updated asset objects reloaded before import = 0
Number of asset objects unloaded after import = 2
========================================================================
Received Import Request.
  Time since last request: 1.741217 seconds.
  path: Assets/Tree10/Tree10_3_Textures
  artifactKey: Guid(6b582daecaee3da49a91078dec646659) Importer(815301076,1909f56bfc062723c751e8b465ee728b)
Start importing Assets/Tree10/Tree10_3_Textures using Guid(6b582daecaee3da49a91078dec646659) Importer(815301076,1909f56bfc062723c751e8b465ee728b) [PhysX] Initialized MultithreadedTaskDispatcher with 20 workers.
 -> (artifact id: '79286f6da1e863e7fe286a9b42cbd450') in 0.000494 seconds
Number of updated asset objects reloaded before import = 0
Number of asset objects unloaded after import = 0
========================================================================
Received Import Request.
  Time since last request: 0.035740 seconds.
  path: Assets/Tree10/Tree10_3_Textures/diffuse.png
  artifactKey: Guid(c6e7fe6e93ffd6448a2d96eaeeab3273) Importer(815301076,1909f56bfc062723c751e8b465ee728b)
Start importing Assets/Tree10/Tree10_3_Textures/diffuse.png using Guid(c6e7fe6e93ffd6448a2d96eaeeab3273) Importer(815301076,1909f56bfc062723c751e8b465ee728b) [PhysX] Initialized MultithreadedTaskDispatcher with 20 workers.
[PhysX] Initialized MultithreadedTaskDispatcher with 20 workers.
 -> (artifact id: '2d635051aae695b223484535829089f8') in 0.016371 seconds
Number of updated asset objects reloaded before import = 0
Number of asset objects unloaded after import = 2
========================================================================
Received Import Request.
  Time since last request: 0.000015 seconds.
  path: Assets/Tree10/Tree10_3_Textures/translucency_gloss.png
  artifactKey: Guid(446a7f0469b11424286080e7161c2e61) Importer(815301076,1909f56bfc062723c751e8b465ee728b)
Start importing Assets/Tree10/Tree10_3_Textures/translucency_gloss.png using Guid(446a7f0469b11424286080e7161c2e61) Importer(815301076,1909f56bfc062723c751e8b465ee728b) [PhysX] Initialized MultithreadedTaskDispatcher with 20 workers.
[PhysX] Initialized MultithreadedTaskDispatcher with 20 workers.
 -> (artifact id: 'a32890ca1dbf6ae1a41a0da83d601977') in 0.008597 seconds
Number of updated asset objects reloaded before import = 0
Number of asset objects unloaded after import = 2
========================================================================
Received Import Request.
  Time since last request: 2.146702 seconds.
  path: Assets/Tree10/Tree10_4_Textures
  artifactKey: Guid(ae6288530b9a918449a6ef62062d4021) Importer(815301076,1909f56bfc062723c751e8b465ee728b)
Start importing Assets/Tree10/Tree10_4_Textures using Guid(ae6288530b9a918449a6ef62062d4021) Importer(815301076,1909f56bfc062723c751e8b465ee728b) [PhysX] Initialized MultithreadedTaskDispatcher with 20 workers.
 -> (artifact id: '2dd6cfef6e47d661598579e3f4d1015b') in 0.000664 seconds
Number of updated asset objects reloaded before import = 0
Number of asset objects unloaded after import = 0
========================================================================
Received Import Request.
  Time since last request: 0.044575 seconds.
  path: Assets/Tree10/Tree10_4_Textures/diffuse.png
  artifactKey: Guid(9e114cd7d6c377548a5e4abde5e6e916) Importer(815301076,1909f56bfc062723c751e8b465ee728b)
Start importing Assets/Tree10/Tree10_4_Textures/diffuse.png using Guid(9e114cd7d6c377548a5e4abde5e6e916) Importer(815301076,1909f56bfc062723c751e8b465ee728b) [PhysX] Initialized MultithreadedTaskDispatcher with 20 workers.
[PhysX] Initialized MultithreadedTaskDispatcher with 20 workers.
 -> (artifact id: '1b31fa63d797934b2ab75657a0f07088') in 0.018480 seconds
Number of updated asset objects reloaded before import = 0
Number of asset objects unloaded after import = 2
========================================================================
Received Import Request.
  Time since last request: 0.000016 seconds.
  path: Assets/Tree10/Tree10_4_Textures/translucency_gloss.png
  artifactKey: Guid(6ac29a7f6baf0114da7b75840501bc08) Importer(815301076,1909f56bfc062723c751e8b465ee728b)
Start importing Assets/Tree10/Tree10_4_Textures/translucency_gloss.png using Guid(6ac29a7f6baf0114da7b75840501bc08) Importer(815301076,1909f56bfc062723c751e8b465ee728b) [PhysX] Initialized MultithreadedTaskDispatcher with 20 workers.
[PhysX] Initialized MultithreadedTaskDispatcher with 20 workers.
 -> (artifact id: 'ef2893d062035265eb5a0671c1d1a952') in 0.010026 seconds
Number of updated asset objects reloaded before import = 0
Number of asset objects unloaded after import = 2
========================================================================
Received Import Request.
  Time since last request: 612.967335 seconds.
  path: Assets/EmaceArt/Free Meadows/Prefabs/Comp.prefab
  artifactKey: Guid(3eba1b8a3b50e624f9e15a0cca27ed27) Importer(815301076,1909f56bfc062723c751e8b465ee728b)
Start importing Assets/EmaceArt/Free Meadows/Prefabs/Comp.prefab using Guid(3eba1b8a3b50e624f9e15a0cca27ed27) Importer(815301076,1909f56bfc062723c751e8b465ee728b) [PhysX] Initialized MultithreadedTaskDispatcher with 20 workers.
[PhysX] Initialized MultithreadedTaskDispatcher with 20 workers.
 -> (artifact id: '5d9171ecd322b3ad03600909196fa6c2') in 0.034388 seconds
Number of updated asset objects reloaded before import = 0
Number of asset objects unloaded after import = 1118
========================================================================
Received Import Request.
  Time since last request: 1.828002 seconds.
  path: Assets/EmaceArt/Free Meadows/Prefabs/Roots
  artifactKey: Guid(fa9e170c59d688d43a21a4930d227fea) Importer(815301076,1909f56bfc062723c751e8b465ee728b)
Start importing Assets/EmaceArt/Free Meadows/Prefabs/Roots using Guid(fa9e170c59d688d43a21a4930d227fea) Importer(815301076,1909f56bfc062723c751e8b465ee728b) [PhysX] Initialized MultithreadedTaskDispatcher with 20 workers.
 -> (artifact id: 'ddc71f7b5d451097ede6ef52b16fe7f5') in 0.000569 seconds
Number of updated asset objects reloaded before import = 0
Number of asset objects unloaded after import = 0
========================================================================
Received Import Request.
  Time since last request: 0.054601 seconds.
  path: Assets/EmaceArt/Free Meadows/Prefabs/Roots/EM_Root2a_PRE.prefab
  artifactKey: Guid(42f5d16d0c0ecd84985ed0d7760ec46f) Importer(815301076,1909f56bfc062723c751e8b465ee728b)
Start importing Assets/EmaceArt/Free Meadows/Prefabs/Roots/EM_Root2a_PRE.prefab using Guid(42f5d16d0c0ecd84985ed0d7760ec46f) Importer(815301076,1909f56bfc062723c751e8b465ee728b) [PhysX] Initialized MultithreadedTaskDispatcher with 20 workers.
[PhysX] Initialized MultithreadedTaskDispatcher with 20 workers.
 -> (artifact id: '7495ae52e9774edbacd6704665181805') in 0.015917 seconds
Number of updated asset objects reloaded before import = 0
Number of asset objects unloaded after import = 23
========================================================================
Received Import Request.
  Time since last request: 0.000015 seconds.
  path: Assets/EmaceArt/Free Meadows/Prefabs/Roots/EM_Root4a_PRE.prefab
  artifactKey: Guid(dd1752e6c9741ca48a4c9309749663f6) Importer(815301076,1909f56bfc062723c751e8b465ee728b)
Start importing Assets/EmaceArt/Free Meadows/Prefabs/Roots/EM_Root4a_PRE.prefab using Guid(dd1752e6c9741ca48a4c9309749663f6) Importer(815301076,1909f56bfc062723c751e8b465ee728b) [PhysX] Initialized MultithreadedTaskDispatcher with 20 workers.
[PhysX] Initialized MultithreadedTaskDispatcher with 20 workers.
 -> (artifact id: '5795d688d67fc35b1381194f8b59dd2d') in 0.016526 seconds
Number of updated asset objects reloaded before import = 0
Number of asset objects unloaded after import = 22
========================================================================
Received Import Request.
  Time since last request: 0.000015 seconds.
  path: Assets/EmaceArt/Free Meadows/Prefabs/Roots/EM_Root3a_PRE.prefab
  artifactKey: Guid(a00b69754ac86b049864dda1a2264f98) Importer(815301076,1909f56bfc062723c751e8b465ee728b)
Start importing Assets/EmaceArt/Free Meadows/Prefabs/Roots/EM_Root3a_PRE.prefab using Guid(a00b69754ac86b049864dda1a2264f98) Importer(815301076,1909f56bfc062723c751e8b465ee728b) [PhysX] Initialized MultithreadedTaskDispatcher with 20 workers.
[PhysX] Initialized MultithreadedTaskDispatcher with 20 workers.
 -> (artifact id: 'fb0e46a5d3e5c450dc6089d7974f65fe') in 0.015345 seconds
Number of updated asset objects reloaded before import = 0
Number of asset objects unloaded after import = 23
========================================================================
Received Import Request.
  Time since last request: 58.576378 seconds.
  path: Assets/EmaceArt/Free Meadows/Meshes/EM_Rock02c.fbx
  artifactKey: Guid(9b1c7ccfc3619d34e8413f4e712b542d) Importer(815301076,1909f56bfc062723c751e8b465ee728b)
Start importing Assets/EmaceArt/Free Meadows/Meshes/EM_Rock02c.fbx using Guid(9b1c7ccfc3619d34e8413f4e712b542d) Importer(815301076,1909f56bfc062723c751e8b465ee728b) [PhysX] Initialized MultithreadedTaskDispatcher with 20 workers.
[PhysX] Initialized MultithreadedTaskDispatcher with 20 workers.
[PhysX] Initialized MultithreadedTaskDispatcher with 20 workers.
[PhysX] Initialized MultithreadedTaskDispatcher with 20 workers.
[PhysX] Initialized MultithreadedTaskDispatcher with 20 workers.
[PhysX] Initialized MultithreadedTaskDispatcher with 20 workers.
[PhysX] Initialized MultithreadedTaskDispatcher with 20 workers.
[PhysX] Initialized MultithreadedTaskDispatcher with 20 workers.
[PhysX] Initialized MultithreadedTaskDispatcher with 20 workers.
 -> (artifact id: '3475ac21ec1eb4abfc4801de109624a1') in 0.046593 seconds
Number of updated asset objects reloaded before import = 0
Number of asset objects unloaded after import = 21
========================================================================
Received Import Request.
  Time since last request: 0.000020 seconds.
  path: Assets/EmaceArt/Free Meadows/Meshes/EM_Root2b.fbx
  artifactKey: Guid(b01eb54d1a48a0143b2a817b87fd5cab) Importer(815301076,1909f56bfc062723c751e8b465ee728b)
Start importing Assets/EmaceArt/Free Meadows/Meshes/EM_Root2b.fbx using Guid(b01eb54d1a48a0143b2a817b87fd5cab) Importer(815301076,1909f56bfc062723c751e8b465ee728b) [PhysX] Initialized MultithreadedTaskDispatcher with 20 workers.
[PhysX] Initialized MultithreadedTaskDispatcher with 20 workers.
[PhysX] Initialized MultithreadedTaskDispatcher with 20 workers.
[PhysX] Initialized MultithreadedTaskDispatcher with 20 workers.
[PhysX] Initialized MultithreadedTaskDispatcher with 20 workers.
[PhysX] Initialized MultithreadedTaskDispatcher with 20 workers.
[PhysX] Initialized MultithreadedTaskDispatcher with 20 workers.
[PhysX] Initialized MultithreadedTaskDispatcher with 20 workers.
[PhysX] Initialized MultithreadedTaskDispatcher with 20 workers.
 -> (artifact id: '5ce82ec399b7f247d8a83f9222b3c2d1') in 0.040734 seconds
Number of updated asset objects reloaded before import = 0
Number of asset objects unloaded after import = 21
========================================================================
Received Import Request.
  Time since last request: 0.000013 seconds.
  path: Assets/EmaceArt/Free Meadows/Meshes/EM_wood_fence3.fbx
  artifactKey: Guid(7971f9edb13c46f4d850ef0bcbc884cd) Importer(815301076,1909f56bfc062723c751e8b465ee728b)
Start importing Assets/EmaceArt/Free Meadows/Meshes/EM_wood_fence3.fbx using Guid(7971f9edb13c46f4d850ef0bcbc884cd) Importer(815301076,1909f56bfc062723c751e8b465ee728b) [PhysX] Initialized MultithreadedTaskDispatcher with 20 workers.
[PhysX] Initialized MultithreadedTaskDispatcher with 20 workers.
[PhysX] Initialized MultithreadedTaskDispatcher with 20 workers.
[PhysX] Initialized MultithreadedTaskDispatcher with 20 workers.
[PhysX] Initialized MultithreadedTaskDispatcher with 20 workers.
[PhysX] Initialized MultithreadedTaskDispatcher with 20 workers.
[PhysX] Initialized MultithreadedTaskDispatcher with 20 workers.
[PhysX] Initialized MultithreadedTaskDispatcher with 20 workers.
[PhysX] Initialized MultithreadedTaskDispatcher with 20 workers.
 -> (artifact id: '3dd589e235d55d64a548e4719242eaa5') in 0.043040 seconds
Number of updated asset objects reloaded before import = 0
Number of asset objects unloaded after import = 21
========================================================================
Received Import Request.
  Time since last request: 0.000015 seconds.
  path: Assets/EmaceArt/Free Meadows/Meshes/EM_Rock37.fbx
  artifactKey: Guid(4d16e569dc5c73748959b570bf6f9e09) Importer(815301076,1909f56bfc062723c751e8b465ee728b)
Start importing Assets/EmaceArt/Free Meadows/Meshes/EM_Rock37.fbx using Guid(4d16e569dc5c73748959b570bf6f9e09) Importer(815301076,1909f56bfc062723c751e8b465ee728b) [PhysX] Initialized MultithreadedTaskDispatcher with 20 workers.
[PhysX] Initialized MultithreadedTaskDispatcher with 20 workers.
[PhysX] Initialized MultithreadedTaskDispatcher with 20 workers.
[PhysX] Initialized MultithreadedTaskDispatcher with 20 workers.
[PhysX] Initialized MultithreadedTaskDispatcher with 20 workers.
[PhysX] Initialized MultithreadedTaskDispatcher with 20 workers.
[PhysX] Initialized MultithreadedTaskDispatcher with 20 workers.
[PhysX] Initialized MultithreadedTaskDispatcher with 20 workers.
[PhysX] Initialized MultithreadedTaskDispatcher with 20 workers.
 -> (artifact id: '57364bffeb13d4d9196d09f9f0ea7e95') in 0.043159 seconds
Number of updated asset objects reloaded before import = 0
Number of asset objects unloaded after import = 21
========================================================================
Received Import Request.
  Time since last request: 0.000015 seconds.
  path: Assets/EmaceArt/Free Meadows/Meshes/EM_rock_fenceBrick_01.fbx
  artifactKey: Guid(b31ede1c772d6e344a1ae70cd40e958d) Importer(815301076,1909f56bfc062723c751e8b465ee728b)
Start importing Assets/EmaceArt/Free Meadows/Meshes/EM_rock_fenceBrick_01.fbx using Guid(b31ede1c772d6e344a1ae70cd40e958d) Importer(815301076,1909f56bfc062723c751e8b465ee728b) [PhysX] Initialized MultithreadedTaskDispatcher with 20 workers.
[PhysX] Initialized MultithreadedTaskDispatcher with 20 workers.
[PhysX] Initialized MultithreadedTaskDispatcher with 20 workers.
[PhysX] Initialized MultithreadedTaskDispatcher with 20 workers.
[PhysX] Initialized MultithreadedTaskDispatcher with 20 workers.
[PhysX] Initialized MultithreadedTaskDispatcher with 20 workers.
[PhysX] Initialized MultithreadedTaskDispatcher with 20 workers.
[PhysX] Initialized MultithreadedTaskDispatcher with 20 workers.
[PhysX] Initialized MultithreadedTaskDispatcher with 20 workers.
 -> (artifact id: '0cbf265728eb3caaa66e4bbf3977d53d') in 0.042668 seconds
Number of updated asset objects reloaded before import = 0
Number of asset objects unloaded after import = 21
========================================================================
Received Import Request.
  Time since last request: 0.000021 seconds.
  path: Assets/EmaceArt/Free Meadows/Meshes/EM_Root3b.fbx
  artifactKey: Guid(d6de51f925c9fa545b6ae266b7a0bba3) Importer(815301076,1909f56bfc062723c751e8b465ee728b)
Start importing Assets/EmaceArt/Free Meadows/Meshes/EM_Root3b.fbx using Guid(d6de51f925c9fa545b6ae266b7a0bba3) Importer(815301076,1909f56bfc062723c751e8b465ee728b) [PhysX] Initialized MultithreadedTaskDispatcher with 20 workers.
[PhysX] Initialized MultithreadedTaskDispatcher with 20 workers.
[PhysX] Initialized MultithreadedTaskDispatcher with 20 workers.
[PhysX] Initialized MultithreadedTaskDispatcher with 20 workers.
[PhysX] Initialized MultithreadedTaskDispatcher with 20 workers.
[PhysX] Initialized MultithreadedTaskDispatcher with 20 workers.
[PhysX] Initialized MultithreadedTaskDispatcher with 20 workers.
[PhysX] Initialized MultithreadedTaskDispatcher with 20 workers.
[PhysX] Initialized MultithreadedTaskDispatcher with 20 workers.
 -> (artifact id: 'bb83e13059d8c18129365103ebecf8a9') in 0.043492 seconds
Number of updated asset objects reloaded before import = 0
Number of asset objects unloaded after import = 21
========================================================================
Received Import Request.
  Time since last request: 0.000016 seconds.
  path: Assets/EmaceArt/Free Meadows/Meshes/EM_wood_fence3c.fbx
  artifactKey: Guid(6e5150349a0ca2a4fa463306d2abd3fa) Importer(815301076,1909f56bfc062723c751e8b465ee728b)
Start importing Assets/EmaceArt/Free Meadows/Meshes/EM_wood_fence3c.fbx using Guid(6e5150349a0ca2a4fa463306d2abd3fa) Importer(815301076,1909f56bfc062723c751e8b465ee728b) [PhysX] Initialized MultithreadedTaskDispatcher with 20 workers.
[PhysX] Initialized MultithreadedTaskDispatcher with 20 workers.
[PhysX] Initialized MultithreadedTaskDispatcher with 20 workers.
[PhysX] Initialized MultithreadedTaskDispatcher with 20 workers.
[PhysX] Initialized MultithreadedTaskDispatcher with 20 workers.
[PhysX] Initialized MultithreadedTaskDispatcher with 20 workers.
[PhysX] Initialized MultithreadedTaskDispatcher with 20 workers.
[PhysX] Initialized MultithreadedTaskDispatcher with 20 workers.
[PhysX] Initialized MultithreadedTaskDispatcher with 20 workers.
 -> (artifact id: 'e2d435331a88e0c816a9124c10638205') in 0.042141 seconds
Number of updated asset objects reloaded before import = 0
Number of asset objects unloaded after import = 21
========================================================================
Received Import Request.
  Time since last request: 0.000020 seconds.
  path: Assets/EmaceArt/Free Meadows/Meshes/EM_Root2a.fbx
  artifactKey: Guid(d496f6f5e3206b6489297df2dd372132) Importer(815301076,1909f56bfc062723c751e8b465ee728b)
Start importing Assets/EmaceArt/Free Meadows/Meshes/EM_Root2a.fbx using Guid(d496f6f5e3206b6489297df2dd372132) Importer(815301076,1909f56bfc062723c751e8b465ee728b) [PhysX] Initialized MultithreadedTaskDispatcher with 20 workers.
[PhysX] Initialized MultithreadedTaskDispatcher with 20 workers.
[PhysX] Initialized MultithreadedTaskDispatcher with 20 workers.
[PhysX] Initialized MultithreadedTaskDispatcher with 20 workers.
[PhysX] Initialized MultithreadedTaskDispatcher with 20 workers.
[PhysX] Initialized MultithreadedTaskDispatcher with 20 workers.
[PhysX] Initialized MultithreadedTaskDispatcher with 20 workers.
[PhysX] Initialized MultithreadedTaskDispatcher with 20 workers.
[PhysX] Initialized MultithreadedTaskDispatcher with 20 workers.
 -> (artifact id: '3b8808853cfd616853538a562904df62') in 0.034523 seconds
Number of updated asset objects reloaded before import = 0
Number of asset objects unloaded after import = 21
========================================================================
Received Import Request.
  Time since last request: 0.000013 seconds.
  path: Assets/EmaceArt/Free Meadows/Meshes/EM_rock_fence7.fbx
  artifactKey: Guid(95ae310d7b7e88548b3f0dbe9efe3db3) Importer(815301076,1909f56bfc062723c751e8b465ee728b)
Start importing Assets/EmaceArt/Free Meadows/Meshes/EM_rock_fence7.fbx using Guid(95ae310d7b7e88548b3f0dbe9efe3db3) Importer(815301076,1909f56bfc062723c751e8b465ee728b) [PhysX] Initialized MultithreadedTaskDispatcher with 20 workers.
[PhysX] Initialized MultithreadedTaskDispatcher with 20 workers.
[PhysX] Initialized MultithreadedTaskDispatcher with 20 workers.
[PhysX] Initialized MultithreadedTaskDispatcher with 20 workers.
[PhysX] Initialized MultithreadedTaskDispatcher with 20 workers.
[PhysX] Initialized MultithreadedTaskDispatcher with 20 workers.
[PhysX] Initialized MultithreadedTaskDispatcher with 20 workers.
[PhysX] Initialized MultithreadedTaskDispatcher with 20 workers.
[PhysX] Initialized MultithreadedTaskDispatcher with 20 workers.
 -> (artifact id: '9d56cc0325161e1d7b6e78f5cc75bcfd') in 0.033681 seconds
Number of updated asset objects reloaded before import = 0
Number of asset objects unloaded after import = 21
========================================================================
Received Import Request.
  Time since last request: 0.000016 seconds.
  path: Assets/EmaceArt/Free Meadows/Meshes/EM_Tree1a.fbx
  artifactKey: Guid(3338671b078f6184d9530ee83999bab0) Importer(815301076,1909f56bfc062723c751e8b465ee728b)
Start importing Assets/EmaceArt/Free Meadows/Meshes/EM_Tree1a.fbx using Guid(3338671b078f6184d9530ee83999bab0) Importer(815301076,1909f56bfc062723c751e8b465ee728b) [PhysX] Initialized MultithreadedTaskDispatcher with 20 workers.
[PhysX] Initialized MultithreadedTaskDispatcher with 20 workers.
[PhysX] Initialized MultithreadedTaskDispatcher with 20 workers.
[PhysX] Initialized MultithreadedTaskDispatcher with 20 workers.
[PhysX] Initialized MultithreadedTaskDispatcher with 20 workers.
[PhysX] Initialized MultithreadedTaskDispatcher with 20 workers.
[PhysX] Initialized MultithreadedTaskDispatcher with 20 workers.
[PhysX] Initialized MultithreadedTaskDispatcher with 20 workers.
[PhysX] Initialized MultithreadedTaskDispatcher with 20 workers.
 -> (artifact id: '0ac8d1680d89e505983256935e74f15b') in 0.039286 seconds
Number of updated asset objects reloaded before import = 0
Number of asset objects unloaded after import = 21
========================================================================
Received Import Request.
  Time since last request: 0.000023 seconds.
  path: Assets/EmaceArt/Free Meadows/Meshes/EM_Tree2a.fbx
  artifactKey: Guid(50578a73428c8cb478ef3d1596d57722) Importer(815301076,1909f56bfc062723c751e8b465ee728b)
Start importing Assets/EmaceArt/Free Meadows/Meshes/EM_Tree2a.fbx using Guid(50578a73428c8cb478ef3d1596d57722) Importer(815301076,1909f56bfc062723c751e8b465ee728b) [PhysX] Initialized MultithreadedTaskDispatcher with 20 workers.
[PhysX] Initialized MultithreadedTaskDispatcher with 20 workers.
[PhysX] Initialized MultithreadedTaskDispatcher with 20 workers.
[PhysX] Initialized MultithreadedTaskDispatcher with 20 workers.
[PhysX] Initialized MultithreadedTaskDispatcher with 20 workers.
[PhysX] Initialized MultithreadedTaskDispatcher with 20 workers.
[PhysX] Initialized MultithreadedTaskDispatcher with 20 workers.
[PhysX] Initialized MultithreadedTaskDispatcher with 20 workers.
[PhysX] Initialized MultithreadedTaskDispatcher with 20 workers.
 -> (artifact id: '7edf57d4ef7a0618aee11978312c871e') in 0.029290 seconds
Number of updated asset objects reloaded before import = 0
Number of asset objects unloaded after import = 21
========================================================================
Received Import Request.
  Time since last request: 49.787185 seconds.
  path: Assets/MeshEffect/Materials/Effect18/Mesh_MeshEffect.mat
  artifactKey: Guid(54624a8f34e7c154eb7ad5f7f7b003f9) Importer(815301076,1909f56bfc062723c751e8b465ee728b)
Start importing Assets/MeshEffect/Materials/Effect18/Mesh_MeshEffect.mat using Guid(54624a8f34e7c154eb7ad5f7f7b003f9) Importer(815301076,1909f56bfc062723c751e8b465ee728b) [PhysX] Initialized MultithreadedTaskDispatcher with 20 workers.
[PhysX] Initialized MultithreadedTaskDispatcher with 20 workers.
 -> (artifact id: 'd4afe21a30d3f19c1f87a16c6e51775a') in 0.024421 seconds
Number of updated asset objects reloaded before import = 0
Number of asset objects unloaded after import = 2
========================================================================
Received Import Request.
  Time since last request: 0.000019 seconds.
  path: Assets/MeshEffect/Materials/Effect5/Mesh_MeshEffect.mat
  artifactKey: Guid(4d2bd79e04349da49b1f1c4046e33799) Importer(815301076,1909f56bfc062723c751e8b465ee728b)
Start importing Assets/MeshEffect/Materials/Effect5/Mesh_MeshEffect.mat using Guid(4d2bd79e04349da49b1f1c4046e33799) Importer(815301076,1909f56bfc062723c751e8b465ee728b) [PhysX] Initialized MultithreadedTaskDispatcher with 20 workers.
[PhysX] Initialized MultithreadedTaskDispatcher with 20 workers.
 -> (artifact id: '63646ca935b2f29f556abdaf64092fd3') in 0.027148 seconds
Number of updated asset objects reloaded before import = 0
Number of asset objects unloaded after import = 2
Editor requested this worker to shutdown with reason: Scaling down because of idle timeout
TcpMessagingSession - receive error: operation aborted. errorcode: 995, details:        I/O  .
AssetImportWorker is now disconnected from the server
Process exiting
Exiting without the bug reporter. Application will terminate with return code 0