Using pre-set license
Built from '2022.3/staging' branch; Version is '2022.3.44f1 (c3ae09b9f03c) revision 12824073'; Using compiler version '192829333'; Build Type 'Release'
OS: 'Windows 11  (10.0.22631) 64bit Core' Language: 'ko' Physical Memory: 32491 MB
BatchMode: 1, IsHumanControllingUs: 0, StartBugReporterOnCrash: 0, Is64bit: 1, IsPro: 1

COMMAND LINE ARGUMENTS:
C:\Program Files\Unity\Hub\Editor\2022.3.44f1\Editor\Unity.exe
-adb2
-batchMode
-noUpm
-name
AssetImportWorker3
-projectPath
C:/Users/9uquq/Desktop/Immersive Media (AAT4011-01)/IM_teamVRProject
-logFile
Logs/AssetImportWorker3.log
-srvPort
64246
Successfully changed project path to: C:/Users/9uquq/Desktop/Immersive Media (AAT4011-01)/IM_teamVRProject
C:/Users/9uquq/Desktop/Immersive Media (AAT4011-01)/IM_teamVRProject
[UnityMemory] Configuration Parameters - Can be set up in boot.config
    "memorysetup-bucket-allocator-granularity=16"
    "memorysetup-bucket-allocator-bucket-count=8"
    "memorysetup-bucket-allocator-block-size=33554432"
    "memorysetup-bucket-allocator-block-count=8"
    "memorysetup-main-allocator-block-size=16777216"
    "memorysetup-thread-allocator-block-size=16777216"
    "memorysetup-gfx-main-allocator-block-size=16777216"
    "memorysetup-gfx-thread-allocator-block-size=16777216"
    "memorysetup-cache-allocator-block-size=4194304"
    "memorysetup-typetree-allocator-block-size=2097152"
    "memorysetup-profiler-bucket-allocator-granularity=16"
    "memorysetup-profiler-bucket-allocator-bucket-count=8"
    "memorysetup-profiler-bucket-allocator-block-size=33554432"
    "memorysetup-profiler-bucket-allocator-block-count=8"
    "memorysetup-profiler-allocator-block-size=16777216"
    "memorysetup-profiler-editor-allocator-block-size=1048576"
    "memorysetup-temp-allocator-size-main=16777216"
    "memorysetup-job-temp-allocator-block-size=2097152"
    "memorysetup-job-temp-allocator-block-size-background=1048576"
    "memorysetup-job-temp-allocator-reduction-small-platforms=262144"
    "memorysetup-allocator-temp-initial-block-size-main=262144"
    "memorysetup-allocator-temp-initial-block-size-worker=262144"
    "memorysetup-temp-allocator-size-background-worker=32768"
    "memorysetup-temp-allocator-size-job-worker=262144"
    "memorysetup-temp-allocator-size-preload-manager=33554432"
    "memorysetup-temp-allocator-size-nav-mesh-worker=65536"
    "memorysetup-temp-allocator-size-audio-worker=65536"
    "memorysetup-temp-allocator-size-cloud-worker=32768"
    "memorysetup-temp-allocator-size-gi-baking-worker=262144"
    "memorysetup-temp-allocator-size-gfx=262144"
Player connection [5948]  Target information:

Player connection [5948]  * "[IP] 192.168.0.2 [Port] 0 [Flags] 2 [Guid] 1421926577 [EditorId] 1421926577 [Version] 1048832 [Id] WindowsEditor(7,Kimtaehyun) [Debug] 1 [PackageName] WindowsEditor [ProjectName] Editor" 

Player connection [5948] Host joined multi-casting on [225.0.0.222:54997]...
Player connection [5948] Host joined alternative multi-casting on [225.0.0.222:34997]...
[PhysX] Initialized MultithreadedTaskDispatcher with 20 workers.
Refreshing native plugins compatible for Editor in 19.21 ms, found 9 plugins.
Preloading 0 native plugins for Editor in 0.00 ms.
Initialize engine version: 2022.3.44f1 (c3ae09b9f03c)
[Subsystems] Discovering subsystems at path C:/Program Files/Unity/Hub/Editor/2022.3.44f1/Editor/Data/Resources/UnitySubsystems
[Subsystems] Discovering subsystems at path C:/Users/9uquq/Desktop/Immersive Media (AAT4011-01)/IM_teamVRProject/Assets
GfxDevice: creating device client; threaded=0; jobified=0
Direct3D:
    Version:  Direct3D 11.0 [level 11.1]
    Renderer: NVIDIA GeForce RTX 4060 Laptop GPU (ID=0x28e0)
    Vendor:   NVIDIA
    VRAM:     7971 MB
    Driver:   31.0.15.3732
Initialize mono
Mono path[0] = 'C:/Program Files/Unity/Hub/Editor/2022.3.44f1/Editor/Data/Managed'
Mono path[1] = 'C:/Program Files/Unity/Hub/Editor/2022.3.44f1/Editor/Data/MonoBleedingEdge/lib/mono/unityjit-win32'
Mono config path = 'C:/Program Files/Unity/Hub/Editor/2022.3.44f1/Editor/Data/MonoBleedingEdge/etc'
Using monoOptions --debugger-agent=transport=dt_socket,embedding=1,server=y,suspend=n,address=127.0.0.1:56988
Begin MonoManager ReloadAssembly
Registering precompiled unity dll's ...
Register platform support module: C:/Program Files/Unity/Hub/Editor/2022.3.44f1/Editor/Data/PlaybackEngines/AndroidPlayer/UnityEditor.Android.Extensions.dll
Register platform support module: C:/Program Files/Unity/Hub/Editor/2022.3.44f1/Editor/Data/PlaybackEngines/iOSSupport/UnityEditor.iOS.Extensions.dll
Register platform support module: C:/Program Files/Unity/Hub/Editor/2022.3.44f1/Editor/Data/PlaybackEngines/WindowsStandaloneSupport/UnityEditor.WindowsStandalone.Extensions.dll
Registered in 0.008170 seconds.
- Loaded All Assemblies, in  0.267 seconds
Native extension for WindowsStandalone target not found
[usbmuxd] Start listen thread
[usbmuxd] Listen thread started
[usbmuxd] Send listen message
Native extension for iOS target not found
Native extension for Android target not found
Android Extension - Scanning For ADB Devices 260 ms
Mono: successfully reloaded assembly
- Finished resetting the current domain, in  0.476 seconds
Domain Reload Profiling: 741ms
	BeginReloadAssembly (82ms)
		ExecutionOrderSort (0ms)
		DisableScriptedObjects (0ms)
		BackupInstance (0ms)
		ReleaseScriptingObjects (0ms)
		CreateAndSetChildDomain (0ms)
	RebuildCommonClasses (27ms)
	RebuildNativeTypeToScriptingClass (7ms)
	initialDomainReloadingComplete (44ms)
	LoadAllAssembliesAndSetupDomain (104ms)
		LoadAssemblies (81ms)
		RebuildTransferFunctionScriptingTraits (0ms)
		AnalyzeDomain (102ms)
			TypeCache.Refresh (100ms)
				TypeCache.ScanAssembly (91ms)
			ScanForSourceGeneratedMonoScriptInfo (0ms)
			ResolveRequiredComponents (0ms)
	FinalizeReload (477ms)
		ReleaseScriptCaches (0ms)
		RebuildScriptCaches (0ms)
		SetupLoadedEditorAssemblies (446ms)
			LogAssemblyErrors (0ms)
			InitializePlatformSupportModulesInManaged (324ms)
			SetLoadedEditorAssemblies (3ms)
			RefreshPlugins (0ms)
			BeforeProcessingInitializeOnLoad (1ms)
			ProcessInitializeOnLoadAttributes (80ms)
			ProcessInitializeOnLoadMethodAttributes (37ms)
			AfterProcessingInitializeOnLoad (0ms)
			EditorAssembliesLoaded (0ms)
		ExecutionOrderSort2 (0ms)
		AwakeInstancesAfterBackupRestoration (0ms)
========================================================================
Worker process is ready to serve import requests
Caller must complete domain reload
Begin MonoManager ReloadAssembly
- Loaded All Assemblies, in  0.501 seconds
Native extension for WindowsStandalone target not found
Native extension for iOS target not found
Native extension for Android target not found
Package Manager log level set to [2]
[Package Manager] Server::EnsureServerProcessIsRunning -- launch failed, reason: Unity was launched with the -noUpm command-line argument
[Package Manager] UpmClient::Send -- Unable to send message (not connected to UPM process).
[Package Manager] Cannot connect to Unity Package Manager local server
[Package Manager] Server::EnsureServerProcessIsRunning -- launch failed, reason: Unity was launched with the -noUpm command-line argument
[Package Manager] UpmClient::Send -- Unable to send message (not connected to UPM process).
[Package Manager] Cannot connect to Unity Package Manager local server
Mono: successfully reloaded assembly
[Package Manager] Server::EnsureServerProcessIsRunning -- launch failed, reason: Unity was launched with the -noUpm command-line argument
[Package Manager] UpmClient::Send -- Unable to send message (not connected to UPM process).
[Package Manager] Cannot connect to Unity Package Manager local server
[Package Manager] Server::EnsureServerProcessIsRunning -- launch failed, reason: Unity was launched with the -noUpm command-line argument
[Package Manager] UpmClient::Send -- Unable to send message (not connected to UPM process).
[Package Manager] Cannot connect to Unity Package Manager local server
- Finished resetting the current domain, in  0.572 seconds
Domain Reload Profiling: 1070ms
	BeginReloadAssembly (111ms)
		ExecutionOrderSort (0ms)
		DisableScriptedObjects (3ms)
		BackupInstance (0ms)
		ReleaseScriptingObjects (0ms)
		CreateAndSetChildDomain (14ms)
	RebuildCommonClasses (22ms)
	RebuildNativeTypeToScriptingClass (7ms)
	initialDomainReloadingComplete (30ms)
	LoadAllAssembliesAndSetupDomain (328ms)
		LoadAssemblies (242ms)
		RebuildTransferFunctionScriptingTraits (0ms)
		AnalyzeDomain (154ms)
			TypeCache.Refresh (132ms)
				TypeCache.ScanAssembly (119ms)
			ScanForSourceGeneratedMonoScriptInfo (15ms)
			ResolveRequiredComponents (5ms)
	FinalizeReload (572ms)
		ReleaseScriptCaches (0ms)
		RebuildScriptCaches (0ms)
		SetupLoadedEditorAssemblies (455ms)
			LogAssemblyErrors (0ms)
			InitializePlatformSupportModulesInManaged (22ms)
			SetLoadedEditorAssemblies (3ms)
			RefreshPlugins (0ms)
			BeforeProcessingInitializeOnLoad (57ms)
			ProcessInitializeOnLoadAttributes (318ms)
			ProcessInitializeOnLoadMethodAttributes (50ms)
			AfterProcessingInitializeOnLoad (6ms)
			EditorAssembliesLoaded (0ms)
		ExecutionOrderSort2 (0ms)
		AwakeInstancesAfterBackupRestoration (12ms)
Launched and connected shader compiler UnityShaderCompiler.exe after 0.05 seconds
Refreshing native plugins compatible for Editor in 19.77 ms, found 9 plugins.
Preloading 0 native plugins for Editor in 0.00 ms.
Unloading 4616 Unused Serialized files (Serialized files now loaded: 0)
Unloading 74 unused Assets / (369.8 KB). Loaded Objects now: 5080.
Memory consumption went from 163.5 MB to 163.1 MB.
Total: 3.879400 ms (FindLiveObjects: 0.276500 ms CreateObjectMapping: 0.147500 ms MarkObjects: 3.177000 ms  DeleteObjects: 0.276800 ms)

AssetImportParameters requested are different than current active one (requested -> active):
  custom:container-demuxer-ogg: 62fdf1f143b41e24485cea50d1cbac27 -> 
  custom:video-codec-MediaFoundation-h265: 746d11721c4dcdbdad8f713fa42b33f4 -> 
  custom:video-decoder-ogg-theora: a1e56fd34408186e4bbccfd4996cb3dc -> 
  custom:framework-win-MediaFoundation: 216162199b28c13a410421893ffa2e32 -> 
  custom:CustomObjectIndexerAttribute: 9a22284fe3817be447336de3de66b15e -> 
  custom:container-demuxer-webm: 4f35f7cbe854078d1ac9338744f61a02 -> 
  custom:container-muxer-webm: aa71ff27fc2769a1b78a27578f13a17b -> 
  custom:video-decoder-webm-vp8: 9c59270c3fd7afecdb556c50c9e8de78 -> 
  custom:SearchIndexIgnoredProperties: e643bd26f0fe6173181afceb89e7c659 -> 
  custom:AudioImporter_EditorPlatform: d09bf68614088b80899f8185d706f6e7 -> 
  custom:video-encoder-webm-vp8: eb34c28f22e8b96e1ab97ce403110664 -> 
  custom:audio-decoder-ogg-vorbis: bf7c407c2cedff20999df2af8eb42d56 -> 
  custom:audio-encoder-webm-vorbis: bf7c407c2cedff20999df2af8eb42d56 -> 
========================================================================
Received Import Request.
  Time since last request: 170608.409649 seconds.
  path: Assets/EmaceArt/Free Meadows/Prefabs/Rocks/EM_Rock01b_PRE.prefab
  artifactKey: Guid(e8283e5e73c1e49479df6922a84b094d) Importer(815301076,1909f56bfc062723c751e8b465ee728b)
Start importing Assets/EmaceArt/Free Meadows/Prefabs/Rocks/EM_Rock01b_PRE.prefab using Guid(e8283e5e73c1e49479df6922a84b094d) Importer(815301076,1909f56bfc062723c751e8b465ee728b) [PhysX] Initialized MultithreadedTaskDispatcher with 20 workers.
[PhysX] Initialized MultithreadedTaskDispatcher with 20 workers.
 -> (artifact id: 'e0dfb16fce9129db017b7ab93ee0fd0d') in 0.114721 seconds
Number of updated asset objects reloaded before import = 0
Number of asset objects unloaded after import = 23
========================================================================
Received Import Request.
  Time since last request: 0.000018 seconds.
  path: Assets/EmaceArt/Free Meadows/Prefabs/Rocks/EM_Rock02d_PRE.prefab
  artifactKey: Guid(cca27ac8bf21be742bd63519eaf5c6ab) Importer(815301076,1909f56bfc062723c751e8b465ee728b)
Start importing Assets/EmaceArt/Free Meadows/Prefabs/Rocks/EM_Rock02d_PRE.prefab using Guid(cca27ac8bf21be742bd63519eaf5c6ab) Importer(815301076,1909f56bfc062723c751e8b465ee728b) [PhysX] Initialized MultithreadedTaskDispatcher with 20 workers.
[PhysX] Initialized MultithreadedTaskDispatcher with 20 workers.
 -> (artifact id: 'eadff5ea11b53c6bf1f7e17ec27e2e3f') in 0.007958 seconds
Number of updated asset objects reloaded before import = 0
Number of asset objects unloaded after import = 22
========================================================================
Received Import Request.
  Time since last request: 0.000021 seconds.
  path: Assets/EmaceArt/Free Meadows/Prefabs/Rocks/EM_Rock02b_PRE.prefab
  artifactKey: Guid(afc4ab9b69342fe469fc17fde1746c4a) Importer(815301076,1909f56bfc062723c751e8b465ee728b)
Start importing Assets/EmaceArt/Free Meadows/Prefabs/Rocks/EM_Rock02b_PRE.prefab using Guid(afc4ab9b69342fe469fc17fde1746c4a) Importer(815301076,1909f56bfc062723c751e8b465ee728b) [PhysX] Initialized MultithreadedTaskDispatcher with 20 workers.
[PhysX] Initialized MultithreadedTaskDispatcher with 20 workers.
 -> (artifact id: 'aaf238936064c7beb911532a68c47e47') in 0.007259 seconds
Number of updated asset objects reloaded before import = 0
Number of asset objects unloaded after import = 22
========================================================================
Received Import Request.
  Time since last request: 0.000031 seconds.
  path: Assets/EmaceArt/Free Meadows/Prefabs/Rocks/EM_Rock19_PRE.prefab
  artifactKey: Guid(9552152fc98c16d40a511398729388ab) Importer(815301076,1909f56bfc062723c751e8b465ee728b)
Start importing Assets/EmaceArt/Free Meadows/Prefabs/Rocks/EM_Rock19_PRE.prefab using Guid(9552152fc98c16d40a511398729388ab) Importer(815301076,1909f56bfc062723c751e8b465ee728b) [PhysX] Initialized MultithreadedTaskDispatcher with 20 workers.
[PhysX] Initialized MultithreadedTaskDispatcher with 20 workers.
 -> (artifact id: 'bfb71fde1fbee01f7cbc0d1125c8ad3e') in 0.006248 seconds
Number of updated asset objects reloaded before import = 0
Number of asset objects unloaded after import = 23
========================================================================
Received Import Request.
  Time since last request: 0.000013 seconds.
  path: Assets/EmaceArt/Free Meadows/Prefabs/Rocks/EM_Rock01c_PRE.prefab
  artifactKey: Guid(ec08a3664f828ba4a8526b7e4c869671) Importer(815301076,1909f56bfc062723c751e8b465ee728b)
Start importing Assets/EmaceArt/Free Meadows/Prefabs/Rocks/EM_Rock01c_PRE.prefab using Guid(ec08a3664f828ba4a8526b7e4c869671) Importer(815301076,1909f56bfc062723c751e8b465ee728b) [PhysX] Initialized MultithreadedTaskDispatcher with 20 workers.
[PhysX] Initialized MultithreadedTaskDispatcher with 20 workers.
 -> (artifact id: '53071c05b47320c5a1b0306114de0811') in 0.008456 seconds
Number of updated asset objects reloaded before import = 0
Number of asset objects unloaded after import = 24
========================================================================
Received Import Request.
  Time since last request: 0.000015 seconds.
  path: Assets/EmaceArt/Free Meadows/Prefabs/Rocks/EM_Stone8_PRE.prefab
  artifactKey: Guid(5984682f8774a4c45a4cbf1ddde14123) Importer(815301076,1909f56bfc062723c751e8b465ee728b)
Start importing Assets/EmaceArt/Free Meadows/Prefabs/Rocks/EM_Stone8_PRE.prefab using Guid(5984682f8774a4c45a4cbf1ddde14123) Importer(815301076,1909f56bfc062723c751e8b465ee728b) [PhysX] Initialized MultithreadedTaskDispatcher with 20 workers.
[PhysX] Initialized MultithreadedTaskDispatcher with 20 workers.
 -> (artifact id: '82db22c11fbab4fff753945d3568a224') in 0.006837 seconds
Number of updated asset objects reloaded before import = 0
Number of asset objects unloaded after import = 23
========================================================================
Received Import Request.
  Time since last request: 18.261194 seconds.
  path: Assets/Tree10/Leaf18.png
  artifactKey: Guid(52a21d4a660b5274fa7fa11d32761b08) Importer(815301076,1909f56bfc062723c751e8b465ee728b)
Start importing Assets/Tree10/Leaf18.png using Guid(52a21d4a660b5274fa7fa11d32761b08) Importer(815301076,1909f56bfc062723c751e8b465ee728b) [PhysX] Initialized MultithreadedTaskDispatcher with 20 workers.
[PhysX] Initialized MultithreadedTaskDispatcher with 20 workers.
 -> (artifact id: '5d594cc5fc2bf0d9aa33971e35369567') in 0.028342 seconds
Number of updated asset objects reloaded before import = 0
Number of asset objects unloaded after import = 2
========================================================================
Received Import Request.
  Time since last request: 0.000015 seconds.
  path: Assets/Tree10/Tree10_Leaf.mat
  artifactKey: Guid(9610ed704a1e7894ea4bab3199640925) Importer(815301076,1909f56bfc062723c751e8b465ee728b)
Start importing Assets/Tree10/Tree10_Leaf.mat using Guid(9610ed704a1e7894ea4bab3199640925) Importer(815301076,1909f56bfc062723c751e8b465ee728b) [PhysX] Initialized MultithreadedTaskDispatcher with 20 workers.
[PhysX] Initialized MultithreadedTaskDispatcher with 20 workers.
 -> (artifact id: '0fe432510f25e374f2770f0d7bb2d5fd') in 0.172205 seconds
Number of updated asset objects reloaded before import = 0
Number of asset objects unloaded after import = 3
========================================================================
Received Import Request.
  Time since last request: 0.000025 seconds.
  path: Assets/Tree10/Tree10_5.prefab
  artifactKey: Guid(107f12f79e197c44e94e1d306314702b) Importer(815301076,1909f56bfc062723c751e8b465ee728b)
Start importing Assets/Tree10/Tree10_5.prefab using Guid(107f12f79e197c44e94e1d306314702b) Importer(815301076,1909f56bfc062723c751e8b465ee728b) [PhysX] Initialized MultithreadedTaskDispatcher with 20 workers.
[PhysX] Initialized MultithreadedTaskDispatcher with 20 workers.
[PhysX] Initialized MultithreadedTaskDispatcher with 20 workers.
[PhysX] Initialized MultithreadedTaskDispatcher with 20 workers.
[PhysX] Initialized MultithreadedTaskDispatcher with 20 workers.
 -> (artifact id: 'c6d3f70ec86e9f277b78b22301a6317b') in 0.336567 seconds
Number of updated asset objects reloaded before import = 0
Number of asset objects unloaded after import = 21
========================================================================
Received Import Request.
  Time since last request: 69.987261 seconds.
  path: Assets/Tree10/Tree10_1_Textures/normal_specular.png
  artifactKey: Guid(c8f794f2dbcf03b4a949d126dba87325) Importer(815301076,1909f56bfc062723c751e8b465ee728b)
Start importing Assets/Tree10/Tree10_1_Textures/normal_specular.png using Guid(c8f794f2dbcf03b4a949d126dba87325) Importer(815301076,1909f56bfc062723c751e8b465ee728b) [PhysX] Initialized MultithreadedTaskDispatcher with 20 workers.
[PhysX] Initialized MultithreadedTaskDispatcher with 20 workers.
 -> (artifact id: '03eb6b814370d61f1c37369f513e2d85') in 0.016106 seconds
Number of updated asset objects reloaded before import = 0
Number of asset objects unloaded after import = 2
========================================================================
Received Import Request.
  Time since last request: 0.002116 seconds.
  path: Assets/Tree10/Tree10_1_Textures/shadow.png
  artifactKey: Guid(03f13c8b46a067e4f9d570347f0a7908) Importer(815301076,1909f56bfc062723c751e8b465ee728b)
Start importing Assets/Tree10/Tree10_1_Textures/shadow.png using Guid(03f13c8b46a067e4f9d570347f0a7908) Importer(815301076,1909f56bfc062723c751e8b465ee728b) [PhysX] Initialized MultithreadedTaskDispatcher with 20 workers.
[PhysX] Initialized MultithreadedTaskDispatcher with 20 workers.
 -> (artifact id: 'a50b13ec7226c8ac6c7857f9385a984c') in 0.017341 seconds
Number of updated asset objects reloaded before import = 0
Number of asset objects unloaded after import = 2
========================================================================
Received Import Request.
  Time since last request: 3.925220 seconds.
  path: Assets/Tree10/Tree10_2_Textures/normal_specular.png
  artifactKey: Guid(1491c7e658794584bba2b2e2af787693) Importer(815301076,1909f56bfc062723c751e8b465ee728b)
Start importing Assets/Tree10/Tree10_2_Textures/normal_specular.png using Guid(1491c7e658794584bba2b2e2af787693) Importer(815301076,1909f56bfc062723c751e8b465ee728b) [PhysX] Initialized MultithreadedTaskDispatcher with 20 workers.
[PhysX] Initialized MultithreadedTaskDispatcher with 20 workers.
 -> (artifact id: 'fb6c47d2b421e4d0beb4cb8d26c380ff') in 0.017516 seconds
Number of updated asset objects reloaded before import = 0
Number of asset objects unloaded after import = 2
========================================================================
Received Import Request.
  Time since last request: 0.000017 seconds.
  path: Assets/Tree10/Tree10_2_Textures/shadow.png
  artifactKey: Guid(54778971c5075344baf6e6a95144b346) Importer(815301076,1909f56bfc062723c751e8b465ee728b)
Start importing Assets/Tree10/Tree10_2_Textures/shadow.png using Guid(54778971c5075344baf6e6a95144b346) Importer(815301076,1909f56bfc062723c751e8b465ee728b) [PhysX] Initialized MultithreadedTaskDispatcher with 20 workers.
[PhysX] Initialized MultithreadedTaskDispatcher with 20 workers.
 -> (artifact id: '8b69536306bfc576dae6e120e13427ca') in 0.015266 seconds
Number of updated asset objects reloaded before import = 0
Number of asset objects unloaded after import = 2
========================================================================
Received Import Request.
  Time since last request: 1.785867 seconds.
  path: Assets/Tree10/Tree10_3_Textures/normal_specular.png
  artifactKey: Guid(8f8ccb2b839cc834baf89aacb88b4efc) Importer(815301076,1909f56bfc062723c751e8b465ee728b)
Start importing Assets/Tree10/Tree10_3_Textures/normal_specular.png using Guid(8f8ccb2b839cc834baf89aacb88b4efc) Importer(815301076,1909f56bfc062723c751e8b465ee728b) [PhysX] Initialized MultithreadedTaskDispatcher with 20 workers.
[PhysX] Initialized MultithreadedTaskDispatcher with 20 workers.
 -> (artifact id: '8f112909b13fc519a987388ef123fe29') in 0.015829 seconds
Number of updated asset objects reloaded before import = 0
Number of asset objects unloaded after import = 2
========================================================================
Received Import Request.
  Time since last request: 0.000018 seconds.
  path: Assets/Tree10/Tree10_3_Textures/shadow.png
  artifactKey: Guid(e24d7b9077904d1499bb01c73abf6922) Importer(815301076,1909f56bfc062723c751e8b465ee728b)
Start importing Assets/Tree10/Tree10_3_Textures/shadow.png using Guid(e24d7b9077904d1499bb01c73abf6922) Importer(815301076,1909f56bfc062723c751e8b465ee728b) [PhysX] Initialized MultithreadedTaskDispatcher with 20 workers.
[PhysX] Initialized MultithreadedTaskDispatcher with 20 workers.
 -> (artifact id: '37fbc44b21b71a71dc4c096e8aef9e77') in 0.014157 seconds
Number of updated asset objects reloaded before import = 0
Number of asset objects unloaded after import = 2
========================================================================
Received Import Request.
  Time since last request: 2.187447 seconds.
  path: Assets/Tree10/Tree10_4_Textures/normal_specular.png
  artifactKey: Guid(43579ecc9c0bf2b4f9f9c616ad0eb5ee) Importer(815301076,1909f56bfc062723c751e8b465ee728b)
Start importing Assets/Tree10/Tree10_4_Textures/normal_specular.png using Guid(43579ecc9c0bf2b4f9f9c616ad0eb5ee) Importer(815301076,1909f56bfc062723c751e8b465ee728b) [PhysX] Initialized MultithreadedTaskDispatcher with 20 workers.
[PhysX] Initialized MultithreadedTaskDispatcher with 20 workers.
 -> (artifact id: '595e3a9951217c67f8b765b8cb7d57ea') in 0.017237 seconds
Number of updated asset objects reloaded before import = 0
Number of asset objects unloaded after import = 2
========================================================================
Received Import Request.
  Time since last request: 0.000013 seconds.
  path: Assets/Tree10/Tree10_4_Textures/shadow.png
  artifactKey: Guid(5465f588fa3411f4ea34c86ed8aacbfd) Importer(815301076,1909f56bfc062723c751e8b465ee728b)
Start importing Assets/Tree10/Tree10_4_Textures/shadow.png using Guid(5465f588fa3411f4ea34c86ed8aacbfd) Importer(815301076,1909f56bfc062723c751e8b465ee728b) [PhysX] Initialized MultithreadedTaskDispatcher with 20 workers.
[PhysX] Initialized MultithreadedTaskDispatcher with 20 workers.
 -> (artifact id: '172a7e7c4f9f475de2e7bd1d7b5c1e9a') in 0.005468 seconds
Number of updated asset objects reloaded before import = 0
Number of asset objects unloaded after import = 2
========================================================================
Received Import Request.
  Time since last request: 614.894083 seconds.
  path: Assets/EmaceArt/Free Meadows/Prefabs/Roots/EM_Root2b_PRE.prefab
  artifactKey: Guid(87eb8070053fd5043966de01f264f1fc) Importer(815301076,1909f56bfc062723c751e8b465ee728b)
Start importing Assets/EmaceArt/Free Meadows/Prefabs/Roots/EM_Root2b_PRE.prefab using Guid(87eb8070053fd5043966de01f264f1fc) Importer(815301076,1909f56bfc062723c751e8b465ee728b) [PhysX] Initialized MultithreadedTaskDispatcher with 20 workers.
[PhysX] Initialized MultithreadedTaskDispatcher with 20 workers.
 -> (artifact id: '8db7f97a83ea8dd2ef392c9d9690b1df') in 0.018572 seconds
Number of updated asset objects reloaded before import = 0
Number of asset objects unloaded after import = 23
========================================================================
Received Import Request.
  Time since last request: 0.000018 seconds.
  path: Assets/EmaceArt/Free Meadows/Prefabs/Roots/EM_Root3b_PRE.prefab
  artifactKey: Guid(d934ace2be8b429448fa0c552f00b52c) Importer(815301076,1909f56bfc062723c751e8b465ee728b)
Start importing Assets/EmaceArt/Free Meadows/Prefabs/Roots/EM_Root3b_PRE.prefab using Guid(d934ace2be8b429448fa0c552f00b52c) Importer(815301076,1909f56bfc062723c751e8b465ee728b) [PhysX] Initialized MultithreadedTaskDispatcher with 20 workers.
[PhysX] Initialized MultithreadedTaskDispatcher with 20 workers.
 -> (artifact id: 'f271779b5bef33c95e306b282cb1ede4') in 0.021109 seconds
Number of updated asset objects reloaded before import = 0
Number of asset objects unloaded after import = 23
========================================================================
Received Import Request.
  Time since last request: 0.000015 seconds.
  path: Assets/EmaceArt/Free Meadows/Prefabs/Roots/EM_Root4b_PRE.prefab
  artifactKey: Guid(96822069f8ca24742963538d9c7e7589) Importer(815301076,1909f56bfc062723c751e8b465ee728b)
Start importing Assets/EmaceArt/Free Meadows/Prefabs/Roots/EM_Root4b_PRE.prefab using Guid(96822069f8ca24742963538d9c7e7589) Importer(815301076,1909f56bfc062723c751e8b465ee728b) [PhysX] Initialized MultithreadedTaskDispatcher with 20 workers.
[PhysX] Initialized MultithreadedTaskDispatcher with 20 workers.
 -> (artifact id: 'c97c2795a8ee7a233f214ba878d6742f') in 0.018508 seconds
Number of updated asset objects reloaded before import = 0
Number of asset objects unloaded after import = 22
========================================================================
Received Import Request.
  Time since last request: 58.564519 seconds.
  path: Assets/EmaceArt/Free Meadows/Meshes/EM_Rock19.fbx
  artifactKey: Guid(0e68c936b14b0ed478abb9cc325b01f6) Importer(815301076,1909f56bfc062723c751e8b465ee728b)
Start importing Assets/EmaceArt/Free Meadows/Meshes/EM_Rock19.fbx using Guid(0e68c936b14b0ed478abb9cc325b01f6) Importer(815301076,1909f56bfc062723c751e8b465ee728b) [PhysX] Initialized MultithreadedTaskDispatcher with 20 workers.
[PhysX] Initialized MultithreadedTaskDispatcher with 20 workers.
[PhysX] Initialized MultithreadedTaskDispatcher with 20 workers.
[PhysX] Initialized MultithreadedTaskDispatcher with 20 workers.
[PhysX] Initialized MultithreadedTaskDispatcher with 20 workers.
[PhysX] Initialized MultithreadedTaskDispatcher with 20 workers.
[PhysX] Initialized MultithreadedTaskDispatcher with 20 workers.
[PhysX] Initialized MultithreadedTaskDispatcher with 20 workers.
[PhysX] Initialized MultithreadedTaskDispatcher with 20 workers.
 -> (artifact id: '7716fa4bfe37de6fc49c7703a9c01e48') in 0.054129 seconds
Number of updated asset objects reloaded before import = 0
Number of asset objects unloaded after import = 21
========================================================================
Received Import Request.
  Time since last request: 0.000020 seconds.
  path: Assets/EmaceArt/Free Meadows/Meshes/EM_rock_fence2.fbx
  artifactKey: Guid(bd67890733e3d47448d701f0fcea7819) Importer(815301076,1909f56bfc062723c751e8b465ee728b)
Start importing Assets/EmaceArt/Free Meadows/Meshes/EM_rock_fence2.fbx using Guid(bd67890733e3d47448d701f0fcea7819) Importer(815301076,1909f56bfc062723c751e8b465ee728b) [PhysX] Initialized MultithreadedTaskDispatcher with 20 workers.
[PhysX] Initialized MultithreadedTaskDispatcher with 20 workers.
[PhysX] Initialized MultithreadedTaskDispatcher with 20 workers.
[PhysX] Initialized MultithreadedTaskDispatcher with 20 workers.
[PhysX] Initialized MultithreadedTaskDispatcher with 20 workers.
[PhysX] Initialized MultithreadedTaskDispatcher with 20 workers.
[PhysX] Initialized MultithreadedTaskDispatcher with 20 workers.
[PhysX] Initialized MultithreadedTaskDispatcher with 20 workers.
[PhysX] Initialized MultithreadedTaskDispatcher with 20 workers.
 -> (artifact id: '97af5159b0af9578ece632ddfbdbb228') in 0.039206 seconds
Number of updated asset objects reloaded before import = 0
Number of asset objects unloaded after import = 21
========================================================================
Received Import Request.
  Time since last request: 0.000018 seconds.
  path: Assets/EmaceArt/Free Meadows/Meshes/EM_Tree3a.fbx
  artifactKey: Guid(aceb601719d5db1459f09b05f758ec0c) Importer(815301076,1909f56bfc062723c751e8b465ee728b)
Start importing Assets/EmaceArt/Free Meadows/Meshes/EM_Tree3a.fbx using Guid(aceb601719d5db1459f09b05f758ec0c) Importer(815301076,1909f56bfc062723c751e8b465ee728b) [PhysX] Initialized MultithreadedTaskDispatcher with 20 workers.
[PhysX] Initialized MultithreadedTaskDispatcher with 20 workers.
[PhysX] Initialized MultithreadedTaskDispatcher with 20 workers.
[PhysX] Initialized MultithreadedTaskDispatcher with 20 workers.
[PhysX] Initialized MultithreadedTaskDispatcher with 20 workers.
[PhysX] Initialized MultithreadedTaskDispatcher with 20 workers.
[PhysX] Initialized MultithreadedTaskDispatcher with 20 workers.
[PhysX] Initialized MultithreadedTaskDispatcher with 20 workers.
[PhysX] Initialized MultithreadedTaskDispatcher with 20 workers.
 -> (artifact id: 'bbd304aaa84b309a67e0754bd9e87dbc') in 0.043196 seconds
Number of updated asset objects reloaded before import = 0
Number of asset objects unloaded after import = 21
========================================================================
Received Import Request.
  Time since last request: 0.000030 seconds.
  path: Assets/EmaceArt/Free Meadows/Meshes/EM_Tree2b.fbx
  artifactKey: Guid(007a53a5f51cb6949abbbfb74b6d351b) Importer(815301076,1909f56bfc062723c751e8b465ee728b)
Start importing Assets/EmaceArt/Free Meadows/Meshes/EM_Tree2b.fbx using Guid(007a53a5f51cb6949abbbfb74b6d351b) Importer(815301076,1909f56bfc062723c751e8b465ee728b) [PhysX] Initialized MultithreadedTaskDispatcher with 20 workers.
[PhysX] Initialized MultithreadedTaskDispatcher with 20 workers.
[PhysX] Initialized MultithreadedTaskDispatcher with 20 workers.
[PhysX] Initialized MultithreadedTaskDispatcher with 20 workers.
[PhysX] Initialized MultithreadedTaskDispatcher with 20 workers.
[PhysX] Initialized MultithreadedTaskDispatcher with 20 workers.
[PhysX] Initialized MultithreadedTaskDispatcher with 20 workers.
[PhysX] Initialized MultithreadedTaskDispatcher with 20 workers.
[PhysX] Initialized MultithreadedTaskDispatcher with 20 workers.
 -> (artifact id: '8db6fe308e924173bce2839280e9c26d') in 0.043911 seconds
Number of updated asset objects reloaded before import = 0
Number of asset objects unloaded after import = 21
========================================================================
Received Import Request.
  Time since last request: 0.000021 seconds.
  path: Assets/EmaceArt/Free Meadows/Meshes/EM_Stone1.fbx
  artifactKey: Guid(38d1accb29a264d4d8d96204abbf785e) Importer(815301076,1909f56bfc062723c751e8b465ee728b)
Start importing Assets/EmaceArt/Free Meadows/Meshes/EM_Stone1.fbx using Guid(38d1accb29a264d4d8d96204abbf785e) Importer(815301076,1909f56bfc062723c751e8b465ee728b) [PhysX] Initialized MultithreadedTaskDispatcher with 20 workers.
[PhysX] Initialized MultithreadedTaskDispatcher with 20 workers.
[PhysX] Initialized MultithreadedTaskDispatcher with 20 workers.
[PhysX] Initialized MultithreadedTaskDispatcher with 20 workers.
[PhysX] Initialized MultithreadedTaskDispatcher with 20 workers.
[PhysX] Initialized MultithreadedTaskDispatcher with 20 workers.
[PhysX] Initialized MultithreadedTaskDispatcher with 20 workers.
[PhysX] Initialized MultithreadedTaskDispatcher with 20 workers.
[PhysX] Initialized MultithreadedTaskDispatcher with 20 workers.
 -> (artifact id: '4b99710374d6cc2682931cd0830ecbc9') in 0.042633 seconds
Number of updated asset objects reloaded before import = 0
Number of asset objects unloaded after import = 21
========================================================================
Received Import Request.
  Time since last request: 0.000017 seconds.
  path: Assets/EmaceArt/Free Meadows/Meshes/EM_Tree9a.fbx
  artifactKey: Guid(325f149dd82d7da4395c803622bee0b0) Importer(815301076,1909f56bfc062723c751e8b465ee728b)
Start importing Assets/EmaceArt/Free Meadows/Meshes/EM_Tree9a.fbx using Guid(325f149dd82d7da4395c803622bee0b0) Importer(815301076,1909f56bfc062723c751e8b465ee728b) [PhysX] Initialized MultithreadedTaskDispatcher with 20 workers.
[PhysX] Initialized MultithreadedTaskDispatcher with 20 workers.
[PhysX] Initialized MultithreadedTaskDispatcher with 20 workers.
[PhysX] Initialized MultithreadedTaskDispatcher with 20 workers.
[PhysX] Initialized MultithreadedTaskDispatcher with 20 workers.
[PhysX] Initialized MultithreadedTaskDispatcher with 20 workers.
[PhysX] Initialized MultithreadedTaskDispatcher with 20 workers.
[PhysX] Initialized MultithreadedTaskDispatcher with 20 workers.
[PhysX] Initialized MultithreadedTaskDispatcher with 20 workers.
 -> (artifact id: '9fe2be0d3a2a3f1304c78570860183ee') in 0.046988 seconds
Number of updated asset objects reloaded before import = 0
Number of asset objects unloaded after import = 21
========================================================================
Received Import Request.
  Time since last request: 0.000017 seconds.
  path: Assets/EmaceArt/Free Meadows/Meshes/EM_rock_fence5.fbx
  artifactKey: Guid(34d07a9bf2aa0dd4a971e02e7153a24e) Importer(815301076,1909f56bfc062723c751e8b465ee728b)
Start importing Assets/EmaceArt/Free Meadows/Meshes/EM_rock_fence5.fbx using Guid(34d07a9bf2aa0dd4a971e02e7153a24e) Importer(815301076,1909f56bfc062723c751e8b465ee728b) [PhysX] Initialized MultithreadedTaskDispatcher with 20 workers.
[PhysX] Initialized MultithreadedTaskDispatcher with 20 workers.
[PhysX] Initialized MultithreadedTaskDispatcher with 20 workers.
[PhysX] Initialized MultithreadedTaskDispatcher with 20 workers.
[PhysX] Initialized MultithreadedTaskDispatcher with 20 workers.
[PhysX] Initialized MultithreadedTaskDispatcher with 20 workers.
[PhysX] Initialized MultithreadedTaskDispatcher with 20 workers.
[PhysX] Initialized MultithreadedTaskDispatcher with 20 workers.
[PhysX] Initialized MultithreadedTaskDispatcher with 20 workers.
 -> (artifact id: '7ad4791ecf33ed1a7c161425479827e4') in 0.044652 seconds
Number of updated asset objects reloaded before import = 0
Number of asset objects unloaded after import = 21
========================================================================
Received Import Request.
  Time since last request: 0.000015 seconds.
  path: Assets/EmaceArt/Free Meadows/Meshes/EM_rock_fence4.fbx
  artifactKey: Guid(1e0a1b3475576b04ba1f35e2696fb8a9) Importer(815301076,1909f56bfc062723c751e8b465ee728b)
Start importing Assets/EmaceArt/Free Meadows/Meshes/EM_rock_fence4.fbx using Guid(1e0a1b3475576b04ba1f35e2696fb8a9) Importer(815301076,1909f56bfc062723c751e8b465ee728b) [PhysX] Initialized MultithreadedTaskDispatcher with 20 workers.
[PhysX] Initialized MultithreadedTaskDispatcher with 20 workers.
[PhysX] Initialized MultithreadedTaskDispatcher with 20 workers.
[PhysX] Initialized MultithreadedTaskDispatcher with 20 workers.
[PhysX] Initialized MultithreadedTaskDispatcher with 20 workers.
[PhysX] Initialized MultithreadedTaskDispatcher with 20 workers.
[PhysX] Initialized MultithreadedTaskDispatcher with 20 workers.
[PhysX] Initialized MultithreadedTaskDispatcher with 20 workers.
[PhysX] Initialized MultithreadedTaskDispatcher with 20 workers.
 -> (artifact id: 'cef9f441ed7336168169be7fb3354fbe') in 0.035209 seconds
Number of updated asset objects reloaded before import = 0
Number of asset objects unloaded after import = 21
========================================================================
Received Import Request.
  Time since last request: 0.000015 seconds.
  path: Assets/EmaceArt/Free Meadows/Meshes/EM_Stone9.fbx
  artifactKey: Guid(4c2f11536d79b9d4990d94c7b63a2581) Importer(815301076,1909f56bfc062723c751e8b465ee728b)
Start importing Assets/EmaceArt/Free Meadows/Meshes/EM_Stone9.fbx using Guid(4c2f11536d79b9d4990d94c7b63a2581) Importer(815301076,1909f56bfc062723c751e8b465ee728b) [PhysX] Initialized MultithreadedTaskDispatcher with 20 workers.
[PhysX] Initialized MultithreadedTaskDispatcher with 20 workers.
[PhysX] Initialized MultithreadedTaskDispatcher with 20 workers.
[PhysX] Initialized MultithreadedTaskDispatcher with 20 workers.
[PhysX] Initialized MultithreadedTaskDispatcher with 20 workers.
[PhysX] Initialized MultithreadedTaskDispatcher with 20 workers.
[PhysX] Initialized MultithreadedTaskDispatcher with 20 workers.
[PhysX] Initialized MultithreadedTaskDispatcher with 20 workers.
[PhysX] Initialized MultithreadedTaskDispatcher with 20 workers.
 -> (artifact id: 'ff3bdf961d6db21ea543e3ef781cdb44') in 0.035233 seconds
Number of updated asset objects reloaded before import = 0
Number of asset objects unloaded after import = 21
========================================================================
Received Import Request.
  Time since last request: 0.000018 seconds.
  path: Assets/EmaceArt/Free Meadows/Meshes/EM_Tree1b.fbx
  artifactKey: Guid(85a89b77c470fe44ba0b1f51aefffc0a) Importer(815301076,1909f56bfc062723c751e8b465ee728b)
Start importing Assets/EmaceArt/Free Meadows/Meshes/EM_Tree1b.fbx using Guid(85a89b77c470fe44ba0b1f51aefffc0a) Importer(815301076,1909f56bfc062723c751e8b465ee728b) [PhysX] Initialized MultithreadedTaskDispatcher with 20 workers.
[PhysX] Initialized MultithreadedTaskDispatcher with 20 workers.
[PhysX] Initialized MultithreadedTaskDispatcher with 20 workers.
[PhysX] Initialized MultithreadedTaskDispatcher with 20 workers.
[PhysX] Initialized MultithreadedTaskDispatcher with 20 workers.
[PhysX] Initialized MultithreadedTaskDispatcher with 20 workers.
[PhysX] Initialized MultithreadedTaskDispatcher with 20 workers.
[PhysX] Initialized MultithreadedTaskDispatcher with 20 workers.
[PhysX] Initialized MultithreadedTaskDispatcher with 20 workers.
 -> (artifact id: '4ca68f005f0b11beba67dde35f20034c') in 0.039222 seconds
Number of updated asset objects reloaded before import = 0
Number of asset objects unloaded after import = 21
========================================================================
Received Import Request.
  Time since last request: 0.000032 seconds.
  path: Assets/EmaceArt/Free Meadows/Meshes/EM_Tree3b.fbx
  artifactKey: Guid(a8121e48189e84e418d4150e3f69c4e4) Importer(815301076,1909f56bfc062723c751e8b465ee728b)
Start importing Assets/EmaceArt/Free Meadows/Meshes/EM_Tree3b.fbx using Guid(a8121e48189e84e418d4150e3f69c4e4) Importer(815301076,1909f56bfc062723c751e8b465ee728b) [PhysX] Initialized MultithreadedTaskDispatcher with 20 workers.
[PhysX] Initialized MultithreadedTaskDispatcher with 20 workers.
[PhysX] Initialized MultithreadedTaskDispatcher with 20 workers.
[PhysX] Initialized MultithreadedTaskDispatcher with 20 workers.
[PhysX] Initialized MultithreadedTaskDispatcher with 20 workers.
[PhysX] Initialized MultithreadedTaskDispatcher with 20 workers.
[PhysX] Initialized MultithreadedTaskDispatcher with 20 workers.
[PhysX] Initialized MultithreadedTaskDispatcher with 20 workers.
[PhysX] Initialized MultithreadedTaskDispatcher with 20 workers.
 -> (artifact id: '40fa15ce6476dea92300929e8e050860') in 0.033656 seconds
Number of updated asset objects reloaded before import = 0
Number of asset objects unloaded after import = 21
========================================================================
Received Import Request.
  Time since last request: 49.769859 seconds.
  path: Assets/MeshEffect/Materials/Effect3/Mesh_MeshEffect.mat
  artifactKey: Guid(7a9224ab9ee16df4d839ba02921be788) Importer(815301076,1909f56bfc062723c751e8b465ee728b)
Start importing Assets/MeshEffect/Materials/Effect3/Mesh_MeshEffect.mat using Guid(7a9224ab9ee16df4d839ba02921be788) Importer(815301076,1909f56bfc062723c751e8b465ee728b) [PhysX] Initialized MultithreadedTaskDispatcher with 20 workers.
[PhysX] Initialized MultithreadedTaskDispatcher with 20 workers.
 -> (artifact id: '15828726fce5382e09434e84249b29a2') in 0.031026 seconds
Number of updated asset objects reloaded before import = 0
Number of asset objects unloaded after import = 2
Editor requested this worker to shutdown with reason: Scaling down because of idle timeout
TcpMessagingSession - receive error: operation aborted. errorcode: 995, details: 스레드 종료 또는 응용 프로그램 요청 때문에 I/O 작업이 취소되었습니다.
AssetImportWorker is now disconnected from the server
Process exiting
Exiting without the bug reporter. Application will terminate with return code 0